<?xml version="1.0" encoding="UTF-8"?>
<!-- Generated by org.testng.reporters.JUnitReportReporter -->
<testsuite hostname="Kapil-A-QA" failures="0" tests="4" name="careers_360_test.University_Signup_test" time="15.085" errors="0" timestamp="2023-08-21T12:58:30 IST" skipped="0">
  <testcase classname="careers_360_test.University_Signup_test" name="click_On_Login" time="3.551"/>
  <system-out/>
  <testcase classname="careers_360_test.University_Signup_test" name="click_On_Frame" time="0.049"/>
  <system-out/>
  <testcase classname="careers_360_test.University_Signup_test" name="get_Signup_Text" time="0.036"/>
  <system-out/>
  <testcase classname="careers_360_test.University_Signup_test" name="singin_details" time="11.449"/>
  <system-out/>
</testsuite> <!-- careers_360_test.University_Signup_test -->
