<?xml version="1.0" encoding="UTF-8"?>
<!-- Generated by org.testng.reporters.JUnitReportReporter -->
<testsuite hostname="Kapil-A-QA" failures="0" tests="5" name="careers_360_test.CTA_Placement_Brochure_Test" time="20.497" errors="0" timestamp="2023-08-18T15:30:17 IST" skipped="0">
  <testcase classname="careers_360_test.CTA_Placement_Brochure_Test" name="clickon_Placement_Button" time="8.781"/>
  <system-out/>
  <testcase classname="careers_360_test.CTA_Placement_Brochure_Test" name="click_On_Brochure" time="2.187"/>
  <system-out/>
  <testcase classname="careers_360_test.CTA_Placement_Brochure_Test" name="click_On_Frame" time="0.117"/>
  <system-out/>
  <testcase classname="careers_360_test.CTA_Placement_Brochure_Test" name="get_Signup_Text" time="0.030"/>
  <system-out/>
  <testcase classname="careers_360_test.CTA_Placement_Brochure_Test" name="singin_details" time="9.382"/>
  <system-out/>
</testsuite> <!-- careers_360_test.CTA_Placement_Brochure_Test -->
