<?xml version="1.0" encoding="UTF-8"?>
<!-- Generated by org.testng.reporters.JUnitReportReporter -->
<testsuite hostname="Kapil-A-QA" failures="0" tests="11" name="careers_360_test.IIT_delhi_college_test" time="30.215" errors="0" timestamp="2023-06-22T15:32:18 IST" skipped="0">
  <testcase classname="careers_360_test.IIT_delhi_college_test" name="clickonhome" time="1.668"/>
  <system-out/>
  <testcase classname="careers_360_test.IIT_delhi_college_test" name="clickon_universityinindia" time="3.756"/>
  <system-out/>
  <testcase classname="careers_360_test.IIT_delhi_college_test" name="clickon_universityindelhi" time="1.669"/>
  <system-out/>
  <testcase classname="careers_360_test.IIT_delhi_college_test" name="clickon_CollegeTitle" time="0.070"/>
  <system-out/>
  <testcase classname="careers_360_test.IIT_delhi_college_test" name="clickonnewdehi" time="4.658"/>
  <system-out/>
  <testcase classname="careers_360_test.IIT_delhi_college_test" name="clickondelhi" time="10.496"/>
  <system-out/>
  <testcase classname="careers_360_test.IIT_delhi_college_test" name="clickon_ratingsummary" time="6.057"/>
  <system-out/>
  <testcase classname="careers_360_test.IIT_delhi_college_test" name="clickon_QandA" time="0.736"/>
  <system-out/>
  <testcase classname="careers_360_test.IIT_delhi_college_test" name="clickonenquire" time="0.314"/>
  <system-out/>
  <testcase classname="careers_360_test.IIT_delhi_college_test" name="clickonclosebtn" time="0.257"/>
  <system-out/>
  <testcase classname="careers_360_test.IIT_delhi_college_test" name="clickonbrochure" time="0.534"/>
  <system-out/>
</testsuite> <!-- careers_360_test.IIT_delhi_college_test -->
