<?xml version="1.0" encoding="UTF-8"?>
<!-- Generated by org.testng.reporters.JUnitReportReporter -->
<testsuite hostname="Kapil-A-QA" failures="0" tests="3" name="careers_360_test.IIT_Delhi_Colleges_Departments_Test" time="39.030" errors="0" timestamp="2023-06-22T15:32:18 IST" skipped="0">
  <testcase classname="careers_360_test.IIT_Delhi_Colleges_Departments_Test" name="get_IIT_Delhi_Affiliated_Colleges_List_Title" time="0.493"/>
  <system-out/>
  <testcase classname="careers_360_test.IIT_Delhi_Colleges_Departments_Test" name="clickon_Colleges_Departments_Button" time="38.481"/>
  <system-out/>
  <testcase classname="careers_360_test.IIT_Delhi_Colleges_Departments_Test" name="get_course_list_affiliated_listing_Title" time="0.056"/>
  <system-out/>
</testsuite> <!-- careers_360_test.IIT_Delhi_Colleges_Departments_Test -->
