<?xml version="1.0" encoding="UTF-8"?>
<!-- Generated by org.testng.reporters.JUnitReportReporter -->
<testsuite hostname="Kapil-A-QA" failures="0" tests="1" name="RestAssured_Session.Test_PatchMethod" time="2.803" errors="0" timestamp="2023-08-06T11:05:13 IST" skipped="0">
  <testcase classname="RestAssured_Session.Test_PatchMethod" name="TestCase01" time="2.803"/>
  <system-out/>
</testsuite> <!-- RestAssured_Session.Test_PatchMethod -->
