<?xml version="1.0" encoding="UTF-8"?>
<!-- Generated by org.testng.reporters.JUnitReportReporter -->
<testsuite hostname="Kapil-A-QA" failures="0" tests="4" name="careers_360_test.CTA_Header_Login_Test" time="14.456" errors="0" timestamp="2023-08-18T18:08:50 IST" skipped="0">
  <testcase classname="careers_360_test.CTA_Header_Login_Test" name="click_On_Login" time="3.364"/>
  <system-out/>
  <testcase classname="careers_360_test.CTA_Header_Login_Test" name="click_On_Frame" time="0.046"/>
  <system-out/>
  <testcase classname="careers_360_test.CTA_Header_Login_Test" name="get_Signup_Text" time="0.041"/>
  <system-out/>
  <testcase classname="careers_360_test.CTA_Header_Login_Test" name="singin_details" time="11.005"/>
  <system-out/>
</testsuite> <!-- careers_360_test.CTA_Header_Login_Test -->
