<?xml version="1.0" encoding="UTF-8"?>
<!-- Generated by org.testng.reporters.JUnitReportReporter -->
<testsuite hostname="Kapil-A-QA" failures="0" tests="5" name="careers_360_test.CTA_Reviews_Facilities_Test" time="15.793" errors="0" timestamp="2023-07-25T11:58:35 IST" skipped="0">
  <testcase classname="careers_360_test.CTA_Reviews_Facilities_Test" name="clickon_Facilities_Button" time="2.942"/>
  <system-out/>
  <testcase classname="careers_360_test.CTA_Reviews_Facilities_Test" name="click_On_Enquire" time="2.205"/>
  <system-out/>
  <testcase classname="careers_360_test.CTA_Reviews_Facilities_Test" name="click_On_Frame" time="0.044"/>
  <system-out/>
  <testcase classname="careers_360_test.CTA_Reviews_Facilities_Test" name="get_Signup_Text" time="0.034"/>
  <system-out/>
  <testcase classname="careers_360_test.CTA_Reviews_Facilities_Test" name="singin_details" time="10.568"/>
  <system-out/>
</testsuite> <!-- careers_360_test.CTA_Reviews_Facilities_Test -->
