<?xml version="1.0" encoding="UTF-8"?>
<!-- Generated by org.testng.reporters.JUnitReportReporter -->
<testsuite hostname="Kapil-A-QA" failures="0" tests="4" name="careers_360_test.University_Fees_Structure_Test" time="82.205" errors="0" timestamp="2023-08-21T19:01:33 IST" skipped="0">
  <testcase classname="careers_360_test.University_Fees_Structure_Test" name="clickon_Course_Fees_Submodule" time="6.030"/>
  <system-out/>
  <testcase classname="careers_360_test.University_Fees_Structure_Test" name="get_Course_Fees_Title" time="0.045"/>
  <system-out/>
  <testcase classname="careers_360_test.University_Fees_Structure_Test" name="scrollToChart" time="0.036"/>
  <system-out/>
  <testcase classname="careers_360_test.University_Fees_Structure_Test" name="get_details" time="76.094"/>
  <system-out/>
</testsuite> <!-- careers_360_test.University_Fees_Structure_Test -->
