<?xml version="1.0" encoding="UTF-8"?>
<!-- Generated by org.testng.reporters.JUnitReportReporter -->
<testsuite hostname="Kapil-A-QA" failures="0" tests="1" name="RestAssured_Session.Test_PostMethod" time="3.320" errors="0" timestamp="2023-08-06T10:39:06 IST" skipped="0">
  <testcase classname="RestAssured_Session.Test_PostMethod" name="TestCase01" time="3.320"/>
  <system-out/>
</testsuite> <!-- RestAssured_Session.Test_PostMethod -->
