<?xml version="1.0" encoding="UTF-8"?>
<!-- Generated by org.testng.reporters.JUnitReportReporter -->
<testsuite hostname="Kapil-A-QA" failures="0" tests="14" name="careers_360_test.Signup_test" time="23.521" errors="0" timestamp="2023-06-22T18:42:08 IST" skipped="0">
  <testcase classname="careers_360_test.Signup_test" name="clickon_login" time="6.232"/>
  <system-out/>
  <testcase classname="careers_360_test.Signup_test" name="clickon_frame" time="0.035"/>
  <system-out/>
  <testcase classname="careers_360_test.Signup_test" name="getsignup_text" time="0.028"/>
  <system-out/>
  <testcase classname="careers_360_test.Signup_test" name="clickon_name" time="5.099"/>
  <system-out/>
  <testcase classname="careers_360_test.Signup_test" name="clickon_email" time="2.120"/>
  <system-out/>
  <testcase classname="careers_360_test.Signup_test" name="clickon_mobile" time="2.068"/>
  <system-out/>
  <testcase classname="careers_360_test.Signup_test" name="clickon_study" time="0.182"/>
  <system-out/>
  <testcase classname="careers_360_test.Signup_test" name="clickon_option" time="0.295"/>
  <system-out/>
  <testcase classname="careers_360_test.Signup_test" name="clickon_education" time="0.260"/>
  <system-out/>
  <testcase classname="careers_360_test.Signup_test" name="clickon_option1" time="0.256"/>
  <system-out/>
  <testcase classname="careers_360_test.Signup_test" name="selectyear" time="0.250"/>
  <system-out/>
  <testcase classname="careers_360_test.Signup_test" name="clickon_option2" time="0.229"/>
  <system-out/>
  <testcase classname="careers_360_test.Signup_test" name="clickon_city" time="6.250"/>
  <system-out/>
  <testcase classname="careers_360_test.Signup_test" name="clickon_signup" time="0.217"/>
  <system-out/>
</testsuite> <!-- careers_360_test.Signup_test -->
