<?xml version="1.0" encoding="UTF-8"?>
<!-- Generated by org.testng.reporters.JUnitReportReporter -->
<testsuite hostname="Kapil-A-QA" failures="0" tests="4" name="careers_360_test.CTA_Overview_Brochure_Test" time="14.056" errors="0" timestamp="2023-08-18T15:30:17 IST" skipped="0">
  <testcase classname="careers_360_test.CTA_Overview_Brochure_Test" name="click_On_Brochure" time="3.373"/>
  <system-out/>
  <testcase classname="careers_360_test.CTA_Overview_Brochure_Test" name="click_On_Frame" time="0.044"/>
  <system-out/>
  <testcase classname="careers_360_test.CTA_Overview_Brochure_Test" name="get_Signup_Text" time="0.043"/>
  <system-out/>
  <testcase classname="careers_360_test.CTA_Overview_Brochure_Test" name="singin_details" time="10.596"/>
  <system-out/>
</testsuite> <!-- careers_360_test.CTA_Overview_Brochure_Test -->
