<?xml version="1.0" encoding="UTF-8"?>
<!-- Generated by org.testng.reporters.JUnitReportReporter -->
<testsuite hostname="Kapil-A-QA" failures="0" tests="1" name="RestAssured_Session.Test_DeleteMethod" time="2.215" errors="0" timestamp="2023-08-06T11:14:16 IST" skipped="0">
  <testcase classname="RestAssured_Session.Test_DeleteMethod" name="TestCase01" time="2.215"/>
  <system-out/>
</testsuite> <!-- RestAssured_Session.Test_DeleteMethod -->
