<?xml version="1.0" encoding="UTF-8"?>
<!-- Generated by org.testng.reporters.JUnitReportReporter -->
<testsuite hostname="Kapil-A-QA" failures="0" tests="1" name="careers_360_test.FirstGetRequest" time="1.937" errors="0" timestamp="2023-08-05T11:19:27 IST" skipped="0">
  <testcase classname="careers_360_test.FirstGetRequest" name="TestCase01" time="1.937"/>
  <system-out/>
</testsuite> <!-- careers_360_test.FirstGetRequest -->
