<?xml version="1.0" encoding="UTF-8"?>
<!-- Generated by org.testng.reporters.JUnitReportReporter -->
<testsuite hostname="Kapil-A-QA" failures="0" tests="24" name="careers_360_test.University_Rankings_Test" time="5.170" errors="0" timestamp="2023-06-30T16:03:27 IST" skipped="0">
  <testcase classname="careers_360_test.University_Rankings_Test" name="click_On_Rankings_Title" time="0.497"/>
  <system-out/>
  <testcase classname="careers_360_test.University_Rankings_Test" name="click_On_Engineering" time="3.539"/>
  <system-out/>
  <testcase classname="careers_360_test.University_Rankings_Test" name="click_On_Overall1" time="0.021"/>
  <system-out/>
  <testcase classname="careers_360_test.University_Rankings_Test" name="click_On_TLR" time="0.091"/>
  <system-out/>
  <testcase classname="careers_360_test.University_Rankings_Test" name="clikc_On_RPC" time="0.140"/>
  <system-out/>
  <testcase classname="careers_360_test.University_Rankings_Test" name="click_On_GO" time="0.079"/>
  <system-out/>
  <testcase classname="careers_360_test.University_Rankings_Test" name="click_On_OI" time="0.080"/>
  <system-out/>
  <testcase classname="careers_360_test.University_Rankings_Test" name="click_On_Perception" time="0.081"/>
  <system-out/>
  <testcase classname="careers_360_test.University_Rankings_Test" name="click_On_Management" time="0.025"/>
  <system-out/>
  <testcase classname="careers_360_test.University_Rankings_Test" name="click_On_Overall2" time="0.022"/>
  <system-out/>
  <testcase classname="careers_360_test.University_Rankings_Test" name="click_On_TLR1" time="0.056"/>
  <system-out/>
  <testcase classname="careers_360_test.University_Rankings_Test" name="click_On_RPC1" time="0.050"/>
  <system-out/>
  <testcase classname="careers_360_test.University_Rankings_Test" name="click_On_GO1" time="0.050"/>
  <system-out/>
  <testcase classname="careers_360_test.University_Rankings_Test" name="click_On_OI1" time="0.047"/>
  <system-out/>
  <testcase classname="careers_360_test.University_Rankings_Test" name="click_On_Perception1" time="0.047"/>
  <system-out/>
  <testcase classname="careers_360_test.University_Rankings_Test" name="click_On_Overall" time="0.029"/>
  <system-out/>
  <testcase classname="careers_360_test.University_Rankings_Test" name="click_On_Overall3" time="0.026"/>
  <system-out/>
  <testcase classname="careers_360_test.University_Rankings_Test" name="click_On_TLR2" time="0.046"/>
  <system-out/>
  <testcase classname="careers_360_test.University_Rankings_Test" name="click_On_RPC2" time="0.046"/>
  <system-out/>
  <testcase classname="careers_360_test.University_Rankings_Test" name="click_On_GO2" time="0.047"/>
  <system-out/>
  <testcase classname="careers_360_test.University_Rankings_Test" name="click_On_OI2" time="0.035"/>
  <system-out/>
  <testcase classname="careers_360_test.University_Rankings_Test" name="click_On_Perception2" time="0.039"/>
  <system-out/>
  <testcase classname="careers_360_test.University_Rankings_Test" name="get_HighlightsTitle" time="0.028"/>
  <system-out/>
  <testcase classname="careers_360_test.University_Rankings_Test" name="get_HighlightsTitle_Parameter" time="0.049"/>
  <system-out/>
</testsuite> <!-- careers_360_test.University_Rankings_Test -->
