<?xml version="1.0" encoding="UTF-8"?>
<!-- Generated by org.testng.reporters.JUnitReportReporter -->
<testsuite hostname="Kapil-A-QA" failures="0" tests="5" name="careers_360_test.CTA_Get_Placement_Test" time="18.261" errors="0" timestamp="2023-07-24T14:27:17 IST" skipped="0">
  <testcase classname="careers_360_test.CTA_Get_Placement_Test" name="clickon_Placement_Module" time="4.703"/>
  <system-out/>
  <testcase classname="careers_360_test.CTA_Get_Placement_Test" name="click_On_Get_Placement" time="2.179"/>
  <system-out/>
  <testcase classname="careers_360_test.CTA_Get_Placement_Test" name="click_On_Frame" time="0.602"/>
  <system-out/>
  <testcase classname="careers_360_test.CTA_Get_Placement_Test" name="get_Signup_Text" time="0.132"/>
  <system-out/>
  <testcase classname="careers_360_test.CTA_Get_Placement_Test" name="singin_details" time="10.645"/>
  <system-out/>
</testsuite> <!-- careers_360_test.CTA_Get_Placement_Test -->
