<?xml version="1.0" encoding="UTF-8"?>
<!-- Generated by org.testng.reporters.JUnitReportReporter -->
<testsuite hostname="Kapil-A-QA" failures="0" tests="5" name="careers_360_test.CTA_Course_Fees_Enquire_Test" time="16.968" errors="0" timestamp="2023-08-18T15:40:10 IST" skipped="0">
  <testcase classname="careers_360_test.CTA_Course_Fees_Enquire_Test" name="clickon_course_fees_button" time="3.480"/>
  <system-out/>
  <testcase classname="careers_360_test.CTA_Course_Fees_Enquire_Test" name="click_On_Enquire" time="2.408"/>
  <system-out/>
  <testcase classname="careers_360_test.CTA_Course_Fees_Enquire_Test" name="click_On_Frame" time="0.047"/>
  <system-out/>
  <testcase classname="careers_360_test.CTA_Course_Fees_Enquire_Test" name="get_Signup_Text" time="0.036"/>
  <system-out/>
  <testcase classname="careers_360_test.CTA_Course_Fees_Enquire_Test" name="singin_details" time="10.997"/>
  <system-out/>
</testsuite> <!-- careers_360_test.CTA_Course_Fees_Enquire_Test -->
