<?xml version="1.0" encoding="UTF-8"?>
<!-- Generated by org.testng.reporters.JUnitReportReporter -->
<testsuite hostname="Kapil-A-QA" failures="0" tests="2" name="careers_360_test.University_Highlights_Test" time="0.837" errors="0" timestamp="2023-06-30T15:54:07 IST" skipped="0">
  <testcase classname="careers_360_test.University_Highlights_Test" name="get_HighlightsTitle" time="0.793"/>
  <system-out/>
  <testcase classname="careers_360_test.University_Highlights_Test" name="get_HighlightsTitle_Parameter" time="0.044"/>
  <system-out/>
</testsuite> <!-- careers_360_test.University_Highlights_Test -->
