<?xml version="1.0" encoding="UTF-8"?>
<!-- Generated by org.testng.reporters.JUnitReportReporter -->
<testsuite hostname="Kapil-A-QA" failures="0" tests="5" name="careers_360_test.CTA_Course_Fees_Course_List_Test" time="16.322" errors="0" timestamp="2023-08-18T15:42:42 IST" skipped="0">
  <testcase classname="careers_360_test.CTA_Course_Fees_Course_List_Test" name="clickon_course_fees_button" time="3.025"/>
  <system-out/>
  <testcase classname="careers_360_test.CTA_Course_Fees_Course_List_Test" name="click_On_Course_List" time="2.350"/>
  <system-out/>
  <testcase classname="careers_360_test.CTA_Course_Fees_Course_List_Test" name="click_On_Frame" time="0.043"/>
  <system-out/>
  <testcase classname="careers_360_test.CTA_Course_Fees_Course_List_Test" name="get_Signup_Text" time="0.036"/>
  <system-out/>
  <testcase classname="careers_360_test.CTA_Course_Fees_Course_List_Test" name="singin_details" time="10.868"/>
  <system-out/>
</testsuite> <!-- careers_360_test.CTA_Course_Fees_Course_List_Test -->
