<?xml version="1.0" encoding="UTF-8"?>
<!-- Generated by org.testng.reporters.JUnitReportReporter -->
<testsuite hostname="Kapil-A-QA" failures="0" tests="5" name="careers_360_test.CTA_College_Dept_List_Test" time="14.966" errors="0" timestamp="2023-08-21T15:25:32 IST" skipped="0">
  <testcase classname="careers_360_test.CTA_College_Dept_List_Test" name="clickon_College_department_button" time="3.208"/>
  <system-out/>
  <testcase classname="careers_360_test.CTA_College_Dept_List_Test" name="click_On_College_List" time="2.246"/>
  <system-out/>
  <testcase classname="careers_360_test.CTA_College_Dept_List_Test" name="click_On_Frame" time="0.041"/>
  <system-out/>
  <testcase classname="careers_360_test.CTA_College_Dept_List_Test" name="get_Signup_Text" time="0.035"/>
  <system-out/>
  <testcase classname="careers_360_test.CTA_College_Dept_List_Test" name="singin_details" time="9.436"/>
  <system-out/>
</testsuite> <!-- careers_360_test.CTA_College_Dept_List_Test -->
