<?xml version="1.0" encoding="UTF-8"?>
<!-- Generated by org.testng.reporters.JUnitReportReporter -->
<testsuite hostname="Kapil-A-QA" failures="0" tests="2" name="careers_360_test.temp1" time="0.489" errors="1" timestamp="2023-06-08T15:11:43 IST" skipped="1">
  <testcase classname="careers_360_test.temp1" name="geturllaunch" time="0.489">
    <error type="java.lang.StackOverflowError">
      <![CDATA[java.lang.StackOverflowError
at java.base/java.nio.CharBuffer.<init>(CharBuffer.java:288)
at java.base/java.nio.HeapCharBuffer.<init>(HeapCharBuffer.java:78)
at java.base/java.nio.CharBuffer.wrap(CharBuffer.java:408)
at java.base/sun.nio.cs.StreamEncoder.implWrite(StreamEncoder.java:281)
at java.base/sun.nio.cs.StreamEncoder.write(StreamEncoder.java:132)
at java.base/java.io.OutputStreamWriter.write(OutputStreamWriter.java:205)
at java.base/java.io.BufferedWriter.flushBuffer(BufferedWriter.java:120)
at java.base/java.io.PrintStream.writeln(PrintStream.java:722)
at java.base/java.io.PrintStream.println(PrintStream.java:1028)
at baselibrary.Baselibrary.getreaddata(Baselibrary.java:47)
at careers_360_test.temp1.geturllaunch(temp1.java:20)
at careers_360_test.temp1.geturllaunch(temp1.java:20)
at careers_360_test.temp1.geturllaunch(temp1.java:20)
at careers_360_test.temp1.geturllaunch(temp1.java:20)
at careers_360_test.temp1.geturllaunch(temp1.java:20)
at careers_360_test.temp1.geturllaunch(temp1.java:20)
at careers_360_test.temp1.geturllaunch(temp1.java:20)
at careers_360_test.temp1.geturllaunch(temp1.java:20)
at careers_360_test.temp1.geturllaunch(temp1.java:20)
at careers_360_test.temp1.geturllaunch(temp1.java:20)
at careers_360_test.temp1.geturllaunch(temp1.java:20)
at careers_360_test.temp1.geturllaunch(temp1.java:20)
at careers_360_test.temp1.geturllaunch(temp1.java:20)
at careers_360_test.temp1.geturllaunch(temp1.java:20)
at careers_360_test.temp1.geturllaunch(temp1.java:20)
at careers_360_test.temp1.geturllaunch(temp1.java:20)
at careers_360_test.temp1.geturllaunch(temp1.java:20)
at careers_360_test.temp1.geturllaunch(temp1.java:20)
at careers_360_test.temp1.geturllaunch(temp1.java:20)
at careers_360_test.temp1.geturllaunch(temp1.java:20)
at careers_360_test.temp1.geturllaunch(temp1.java:20)
at careers_360_test.temp1.geturllaunch(temp1.java:20)
at careers_360_test.temp1.geturllaunch(temp1.java:20)
at careers_360_test.temp1.geturllaunch(temp1.java:20)
at careers_360_test.temp1.geturllaunch(temp1.java:20)
at careers_360_test.temp1.geturllaunch(temp1.java:20)
at careers_360_test.temp1.geturllaunch(temp1.java:20)
at careers_360_test.temp1.geturllaunch(temp1.java:20)
at careers_360_test.temp1.geturllaunch(temp1.java:20)
at careers_360_test.temp1.geturllaunch(temp1.java:20)
at careers_360_test.temp1.geturllaunch(temp1.java:20)
at careers_360_test.temp1.geturllaunch(temp1.java:20)
at careers_360_test.temp1.geturllaunch(temp1.java:20)
at careers_360_test.temp1.geturllaunch(temp1.java:20)
at careers_360_test.temp1.geturllaunch(temp1.java:20)
at careers_360_test.temp1.geturllaunch(temp1.java:20)
at careers_360_test.temp1.geturllaunch(temp1.java:20)
at careers_360_test.temp1.geturllaunch(temp1.java:20)
at careers_360_test.temp1.geturllaunch(temp1.java:20)
at careers_360_test.temp1.geturllaunch(temp1.java:20)
at careers_360_test.temp1.geturllaunch(temp1.java:20)
at careers_360_test.temp1.geturllaunch(temp1.java:20)
at careers_360_test.temp1.geturllaunch(temp1.java:20)
at careers_360_test.temp1.geturllaunch(temp1.java:20)
at careers_360_test.temp1.geturllaunch(temp1.java:20)
at careers_360_test.temp1.geturllaunch(temp1.java:20)
at careers_360_test.temp1.geturllaunch(temp1.java:20)
at careers_360_test.temp1.geturllaunch(temp1.java:20)
at careers_360_test.temp1.geturllaunch(temp1.java:20)
at careers_360_test.temp1.geturllaunch(temp1.java:20)
at careers_360_test.temp1.geturllaunch(temp1.java:20)
at careers_360_test.temp1.geturllaunch(temp1.java:20)
at careers_360_test.temp1.geturllaunch(temp1.java:20)
at careers_360_test.temp1.geturllaunch(temp1.java:20)
at careers_360_test.temp1.geturllaunch(temp1.java:20)
at careers_360_test.temp1.geturllaunch(temp1.java:20)
at careers_360_test.temp1.geturllaunch(temp1.java:20)
at careers_360_test.temp1.geturllaunch(temp1.java:20)
at careers_360_test.temp1.geturllaunch(temp1.java:20)
at careers_360_test.temp1.geturllaunch(temp1.java:20)
at careers_360_test.temp1.geturllaunch(temp1.java:20)
at careers_360_test.temp1.geturllaunch(temp1.java:20)
at careers_360_test.temp1.geturllaunch(temp1.java:20)
at careers_360_test.temp1.geturllaunch(temp1.java:20)
at careers_360_test.temp1.geturllaunch(temp1.java:20)
at careers_360_test.temp1.geturllaunch(temp1.java:20)
at careers_360_test.temp1.geturllaunch(temp1.java:20)
at careers_360_test.temp1.geturllaunch(temp1.java:20)
at careers_360_test.temp1.geturllaunch(temp1.java:20)
at careers_360_test.temp1.geturllaunch(temp1.java:20)
at careers_360_test.temp1.geturllaunch(temp1.java:20)
at careers_360_test.temp1.geturllaunch(temp1.java:20)
at careers_360_test.temp1.geturllaunch(temp1.java:20)
at careers_360_test.temp1.geturllaunch(temp1.java:20)
at careers_360_test.temp1.geturllaunch(temp1.java:20)
at careers_360_test.temp1.geturllaunch(temp1.java:20)
at careers_360_test.temp1.geturllaunch(temp1.java:20)
at careers_360_test.temp1.geturllaunch(temp1.java:20)
at careers_360_test.temp1.geturllaunch(temp1.java:20)
at careers_360_test.temp1.geturllaunch(temp1.java:20)
at careers_360_test.temp1.geturllaunch(temp1.java:20)
at careers_360_test.temp1.geturllaunch(temp1.java:20)
at careers_360_test.temp1.geturllaunch(temp1.java:20)
at careers_360_test.temp1.geturllaunch(temp1.java:20)
at careers_360_test.temp1.geturllaunch(temp1.java:20)
at careers_360_test.temp1.geturllaunch(temp1.java:20)
at careers_360_test.temp1.geturllaunch(temp1.java:20)
at careers_360_test.temp1.geturllaunch(temp1.java:20)
at careers_360_test.temp1.geturllaunch(temp1.java:20)
at careers_360_test.temp1.geturllaunch(temp1.java:20)
at careers_360_test.temp1.geturllaunch(temp1.java:20)
at careers_360_test.temp1.geturllaunch(temp1.java:20)
at careers_360_test.temp1.geturllaunch(temp1.java:20)
at careers_360_test.temp1.geturllaunch(temp1.java:20)
at careers_360_test.temp1.geturllaunch(temp1.java:20)
at careers_360_test.temp1.geturllaunch(temp1.java:20)
at careers_360_test.temp1.geturllaunch(temp1.java:20)
at careers_360_test.temp1.geturllaunch(temp1.java:20)
at careers_360_test.temp1.geturllaunch(temp1.java:20)
at careers_360_test.temp1.geturllaunch(temp1.java:20)
at careers_360_test.temp1.geturllaunch(temp1.java:20)
at careers_360_test.temp1.geturllaunch(temp1.java:20)
at careers_360_test.temp1.geturllaunch(temp1.java:20)
at careers_360_test.temp1.geturllaunch(temp1.java:20)
at careers_360_test.temp1.geturllaunch(temp1.java:20)
at careers_360_test.temp1.geturllaunch(temp1.java:20)
at careers_360_test.temp1.geturllaunch(temp1.java:20)
at careers_360_test.temp1.geturllaunch(temp1.java:20)
at careers_360_test.temp1.geturllaunch(temp1.java:20)
at careers_360_test.temp1.geturllaunch(temp1.java:20)
at careers_360_test.temp1.geturllaunch(temp1.java:20)
at careers_360_test.temp1.geturllaunch(temp1.java:20)
at careers_360_test.temp1.geturllaunch(temp1.java:20)
at careers_360_test.temp1.geturllaunch(temp1.java:20)
at careers_360_test.temp1.geturllaunch(temp1.java:20)
at careers_360_test.temp1.geturllaunch(temp1.java:20)
at careers_360_test.temp1.geturllaunch(temp1.java:20)
at careers_360_test.temp1.geturllaunch(temp1.java:20)
at careers_360_test.temp1.geturllaunch(temp1.java:20)
at careers_360_test.temp1.geturllaunch(temp1.java:20)
at careers_360_test.temp1.geturllaunch(temp1.java:20)
at careers_360_test.temp1.geturllaunch(temp1.java:20)
at careers_360_test.temp1.geturllaunch(temp1.java:20)
at careers_360_test.temp1.geturllaunch(temp1.java:20)
at careers_360_test.temp1.geturllaunch(temp1.java:20)
at careers_360_test.temp1.geturllaunch(temp1.java:20)
at careers_360_test.temp1.geturllaunch(temp1.java:20)
at careers_360_test.temp1.geturllaunch(temp1.java:20)
at careers_360_test.temp1.geturllaunch(temp1.java:20)
at careers_360_test.temp1.geturllaunch(temp1.java:20)
at careers_360_test.temp1.geturllaunch(temp1.java:20)
at careers_360_test.temp1.geturllaunch(temp1.java:20)
at careers_360_test.temp1.geturllaunch(temp1.java:20)
at careers_360_test.temp1.geturllaunch(temp1.java:20)
at careers_360_test.temp1.geturllaunch(temp1.java:20)
at careers_360_test.temp1.geturllaunch(temp1.java:20)
at careers_360_test.temp1.geturllaunch(temp1.java:20)
at careers_360_test.temp1.geturllaunch(temp1.java:20)
at careers_360_test.temp1.geturllaunch(temp1.java:20)
at careers_360_test.temp1.geturllaunch(temp1.java:20)
at careers_360_test.temp1.geturllaunch(temp1.java:20)
at careers_360_test.temp1.geturllaunch(temp1.java:20)
at careers_360_test.temp1.geturllaunch(temp1.java:20)
at careers_360_test.temp1.geturllaunch(temp1.java:20)
at careers_360_test.temp1.geturllaunch(temp1.java:20)
at careers_360_test.temp1.geturllaunch(temp1.java:20)
at careers_360_test.temp1.geturllaunch(temp1.java:20)
at careers_360_test.temp1.geturllaunch(temp1.java:20)
at careers_360_test.temp1.geturllaunch(temp1.java:20)
at careers_360_test.temp1.geturllaunch(temp1.java:20)
at careers_360_test.temp1.geturllaunch(temp1.java:20)
at careers_360_test.temp1.geturllaunch(temp1.java:20)
at careers_360_test.temp1.geturllaunch(temp1.java:20)
at careers_360_test.temp1.geturllaunch(temp1.java:20)
at careers_360_test.temp1.geturllaunch(temp1.java:20)
at careers_360_test.temp1.geturllaunch(temp1.java:20)
at careers_360_test.temp1.geturllaunch(temp1.java:20)
at careers_360_test.temp1.geturllaunch(temp1.java:20)
at careers_360_test.temp1.geturllaunch(temp1.java:20)
at careers_360_test.temp1.geturllaunch(temp1.java:20)
at careers_360_test.temp1.geturllaunch(temp1.java:20)
at careers_360_test.temp1.geturllaunch(temp1.java:20)
at careers_360_test.temp1.geturllaunch(temp1.java:20)
at careers_360_test.temp1.geturllaunch(temp1.java:20)
at careers_360_test.temp1.geturllaunch(temp1.java:20)
at careers_360_test.temp1.geturllaunch(temp1.java:20)
at careers_360_test.temp1.geturllaunch(temp1.java:20)
at careers_360_test.temp1.geturllaunch(temp1.java:20)
at careers_360_test.temp1.geturllaunch(temp1.java:20)
at careers_360_test.temp1.geturllaunch(temp1.java:20)
at careers_360_test.temp1.geturllaunch(temp1.java:20)
at careers_360_test.temp1.geturllaunch(temp1.java:20)
at careers_360_test.temp1.geturllaunch(temp1.java:20)
at careers_360_test.temp1.geturllaunch(temp1.java:20)
at careers_360_test.temp1.geturllaunch(temp1.java:20)
at careers_360_test.temp1.geturllaunch(temp1.java:20)
at careers_360_test.temp1.geturllaunch(temp1.java:20)
at careers_360_test.temp1.geturllaunch(temp1.java:20)
at careers_360_test.temp1.geturllaunch(temp1.java:20)
at careers_360_test.temp1.geturllaunch(temp1.java:20)
at careers_360_test.temp1.geturllaunch(temp1.java:20)
at careers_360_test.temp1.geturllaunch(temp1.java:20)
at careers_360_test.temp1.geturllaunch(temp1.java:20)
at careers_360_test.temp1.geturllaunch(temp1.java:20)
at careers_360_test.temp1.geturllaunch(temp1.java:20)
at careers_360_test.temp1.geturllaunch(temp1.java:20)
at careers_360_test.temp1.geturllaunch(temp1.java:20)
at careers_360_test.temp1.geturllaunch(temp1.java:20)
at careers_360_test.temp1.geturllaunch(temp1.java:20)
at careers_360_test.temp1.geturllaunch(temp1.java:20)
at careers_360_test.temp1.geturllaunch(temp1.java:20)
at careers_360_test.temp1.geturllaunch(temp1.java:20)
at careers_360_test.temp1.geturllaunch(temp1.java:20)
at careers_360_test.temp1.geturllaunch(temp1.java:20)
at careers_360_test.temp1.geturllaunch(temp1.java:20)
at careers_360_test.temp1.geturllaunch(temp1.java:20)
at careers_360_test.temp1.geturllaunch(temp1.java:20)
at careers_360_test.temp1.geturllaunch(temp1.java:20)
at careers_360_test.temp1.geturllaunch(temp1.java:20)
at careers_360_test.temp1.geturllaunch(temp1.java:20)
at careers_360_test.temp1.geturllaunch(temp1.java:20)
at careers_360_test.temp1.geturllaunch(temp1.java:20)
at careers_360_test.temp1.geturllaunch(temp1.java:20)
at careers_360_test.temp1.geturllaunch(temp1.java:20)
at careers_360_test.temp1.geturllaunch(temp1.java:20)
at careers_360_test.temp1.geturllaunch(temp1.java:20)
at careers_360_test.temp1.geturllaunch(temp1.java:20)
at careers_360_test.temp1.geturllaunch(temp1.java:20)
at careers_360_test.temp1.geturllaunch(temp1.java:20)
at careers_360_test.temp1.geturllaunch(temp1.java:20)
at careers_360_test.temp1.geturllaunch(temp1.java:20)
at careers_360_test.temp1.geturllaunch(temp1.java:20)
at careers_360_test.temp1.geturllaunch(temp1.java:20)
at careers_360_test.temp1.geturllaunch(temp1.java:20)
at careers_360_test.temp1.geturllaunch(temp1.java:20)
at careers_360_test.temp1.geturllaunch(temp1.java:20)
at careers_360_test.temp1.geturllaunch(temp1.java:20)
at careers_360_test.temp1.geturllaunch(temp1.java:20)
at careers_360_test.temp1.geturllaunch(temp1.java:20)
at careers_360_test.temp1.geturllaunch(temp1.java:20)
at careers_360_test.temp1.geturllaunch(temp1.java:20)
at careers_360_test.temp1.geturllaunch(temp1.java:20)
at careers_360_test.temp1.geturllaunch(temp1.java:20)
at careers_360_test.temp1.geturllaunch(temp1.java:20)
at careers_360_test.temp1.geturllaunch(temp1.java:20)
at careers_360_test.temp1.geturllaunch(temp1.java:20)
at careers_360_test.temp1.geturllaunch(temp1.java:20)
at careers_360_test.temp1.geturllaunch(temp1.java:20)
at careers_360_test.temp1.geturllaunch(temp1.java:20)
at careers_360_test.temp1.geturllaunch(temp1.java:20)
at careers_360_test.temp1.geturllaunch(temp1.java:20)
at careers_360_test.temp1.geturllaunch(temp1.java:20)
at careers_360_test.temp1.geturllaunch(temp1.java:20)
at careers_360_test.temp1.geturllaunch(temp1.java:20)
at careers_360_test.temp1.geturllaunch(temp1.java:20)
at careers_360_test.temp1.geturllaunch(temp1.java:20)
at careers_360_test.temp1.geturllaunch(temp1.java:20)
at careers_360_test.temp1.geturllaunch(temp1.java:20)
at careers_360_test.temp1.geturllaunch(temp1.java:20)
at careers_360_test.temp1.geturllaunch(temp1.java:20)
at careers_360_test.temp1.geturllaunch(temp1.java:20)
at careers_360_test.temp1.geturllaunch(temp1.java:20)
at careers_360_test.temp1.geturllaunch(temp1.java:20)
at careers_360_test.temp1.geturllaunch(temp1.java:20)
at careers_360_test.temp1.geturllaunch(temp1.java:20)
at careers_360_test.temp1.geturllaunch(temp1.java:20)
at careers_360_test.temp1.geturllaunch(temp1.java:20)
at careers_360_test.temp1.geturllaunch(temp1.java:20)
at careers_360_test.temp1.geturllaunch(temp1.java:20)
at careers_360_test.temp1.geturllaunch(temp1.java:20)
at careers_360_test.temp1.geturllaunch(temp1.java:20)
at careers_360_test.temp1.geturllaunch(temp1.java:20)
at careers_360_test.temp1.geturllaunch(temp1.java:20)
at careers_360_test.temp1.geturllaunch(temp1.java:20)
at careers_360_test.temp1.geturllaunch(temp1.java:20)
at careers_360_test.temp1.geturllaunch(temp1.java:20)
at careers_360_test.temp1.geturllaunch(temp1.java:20)
at careers_360_test.temp1.geturllaunch(temp1.java:20)
at careers_360_test.temp1.geturllaunch(temp1.java:20)
at careers_360_test.temp1.geturllaunch(temp1.java:20)
at careers_360_test.temp1.geturllaunch(temp1.java:20)
at careers_360_test.temp1.geturllaunch(temp1.java:20)
at careers_360_test.temp1.geturllaunch(temp1.java:20)
at careers_360_test.temp1.geturllaunch(temp1.java:20)
at careers_360_test.temp1.geturllaunch(temp1.java:20)
at careers_360_test.temp1.geturllaunch(temp1.java:20)
at careers_360_test.temp1.geturllaunch(temp1.java:20)
at careers_360_test.temp1.geturllaunch(temp1.java:20)
at careers_360_test.temp1.geturllaunch(temp1.java:20)
at careers_360_test.temp1.geturllaunch(temp1.java:20)
at careers_360_test.temp1.geturllaunch(temp1.java:20)
at careers_360_test.temp1.geturllaunch(temp1.java:20)
at careers_360_test.temp1.geturllaunch(temp1.java:20)
at careers_360_test.temp1.geturllaunch(temp1.java:20)
at careers_360_test.temp1.geturllaunch(temp1.java:20)
at careers_360_test.temp1.geturllaunch(temp1.java:20)
at careers_360_test.temp1.geturllaunch(temp1.java:20)
at careers_360_test.temp1.geturllaunch(temp1.java:20)
at careers_360_test.temp1.geturllaunch(temp1.java:20)
at careers_360_test.temp1.geturllaunch(temp1.java:20)
at careers_360_test.temp1.geturllaunch(temp1.java:20)
at careers_360_test.temp1.geturllaunch(temp1.java:20)
at careers_360_test.temp1.geturllaunch(temp1.java:20)
at careers_360_test.temp1.geturllaunch(temp1.java:20)
at careers_360_test.temp1.geturllaunch(temp1.java:20)
at careers_360_test.temp1.geturllaunch(temp1.java:20)
at careers_360_test.temp1.geturllaunch(temp1.java:20)
at careers_360_test.temp1.geturllaunch(temp1.java:20)
at careers_360_test.temp1.geturllaunch(temp1.java:20)
at careers_360_test.temp1.geturllaunch(temp1.java:20)
at careers_360_test.temp1.geturllaunch(temp1.java:20)
at careers_360_test.temp1.geturllaunch(temp1.java:20)
at careers_360_test.temp1.geturllaunch(temp1.java:20)
at careers_360_test.temp1.geturllaunch(temp1.java:20)
at careers_360_test.temp1.geturllaunch(temp1.java:20)
at careers_360_test.temp1.geturllaunch(temp1.java:20)
at careers_360_test.temp1.geturllaunch(temp1.java:20)
at careers_360_test.temp1.geturllaunch(temp1.java:20)
at careers_360_test.temp1.geturllaunch(temp1.java:20)
at careers_360_test.temp1.geturllaunch(temp1.java:20)
at careers_360_test.temp1.geturllaunch(temp1.java:20)
at careers_360_test.temp1.geturllaunch(temp1.java:20)
at careers_360_test.temp1.geturllaunch(temp1.java:20)
at careers_360_test.temp1.geturllaunch(temp1.java:20)
at careers_360_test.temp1.geturllaunch(temp1.java:20)
at careers_360_test.temp1.geturllaunch(temp1.java:20)
at careers_360_test.temp1.geturllaunch(temp1.java:20)
at careers_360_test.temp1.geturllaunch(temp1.java:20)
at careers_360_test.temp1.geturllaunch(temp1.java:20)
at careers_360_test.temp1.geturllaunch(temp1.java:20)
at careers_360_test.temp1.geturllaunch(temp1.java:20)
at careers_360_test.temp1.geturllaunch(temp1.java:20)
at careers_360_test.temp1.geturllaunch(temp1.java:20)
at careers_360_test.temp1.geturllaunch(temp1.java:20)
at careers_360_test.temp1.geturllaunch(temp1.java:20)
at careers_360_test.temp1.geturllaunch(temp1.java:20)
at careers_360_test.temp1.geturllaunch(temp1.java:20)
at careers_360_test.temp1.geturllaunch(temp1.java:20)
at careers_360_test.temp1.geturllaunch(temp1.java:20)
at careers_360_test.temp1.geturllaunch(temp1.java:20)
at careers_360_test.temp1.geturllaunch(temp1.java:20)
at careers_360_test.temp1.geturllaunch(temp1.java:20)
at careers_360_test.temp1.geturllaunch(temp1.java:20)
at careers_360_test.temp1.geturllaunch(temp1.java:20)
at careers_360_test.temp1.geturllaunch(temp1.java:20)
at careers_360_test.temp1.geturllaunch(temp1.java:20)
at careers_360_test.temp1.geturllaunch(temp1.java:20)
at careers_360_test.temp1.geturllaunch(temp1.java:20)
at careers_360_test.temp1.geturllaunch(temp1.java:20)
at careers_360_test.temp1.geturllaunch(temp1.java:20)
at careers_360_test.temp1.geturllaunch(temp1.java:20)
at careers_360_test.temp1.geturllaunch(temp1.java:20)
at careers_360_test.temp1.geturllaunch(temp1.java:20)
at careers_360_test.temp1.geturllaunch(temp1.java:20)
at careers_360_test.temp1.geturllaunch(temp1.java:20)
at careers_360_test.temp1.geturllaunch(temp1.java:20)
at careers_360_test.temp1.geturllaunch(temp1.java:20)
at careers_360_test.temp1.geturllaunch(temp1.java:20)
at careers_360_test.temp1.geturllaunch(temp1.java:20)
at careers_360_test.temp1.geturllaunch(temp1.java:20)
at careers_360_test.temp1.geturllaunch(temp1.java:20)
at careers_360_test.temp1.geturllaunch(temp1.java:20)
at careers_360_test.temp1.geturllaunch(temp1.java:20)
at careers_360_test.temp1.geturllaunch(temp1.java:20)
at careers_360_test.temp1.geturllaunch(temp1.java:20)
at careers_360_test.temp1.geturllaunch(temp1.java:20)
at careers_360_test.temp1.geturllaunch(temp1.java:20)
at careers_360_test.temp1.geturllaunch(temp1.java:20)
at careers_360_test.temp1.geturllaunch(temp1.java:20)
at careers_360_test.temp1.geturllaunch(temp1.java:20)
at careers_360_test.temp1.geturllaunch(temp1.java:20)
at careers_360_test.temp1.geturllaunch(temp1.java:20)
at careers_360_test.temp1.geturllaunch(temp1.java:20)
at careers_360_test.temp1.geturllaunch(temp1.java:20)
at careers_360_test.temp1.geturllaunch(temp1.java:20)
at careers_360_test.temp1.geturllaunch(temp1.java:20)
at careers_360_test.temp1.geturllaunch(temp1.java:20)
at careers_360_test.temp1.geturllaunch(temp1.java:20)
at careers_360_test.temp1.geturllaunch(temp1.java:20)
at careers_360_test.temp1.geturllaunch(temp1.java:20)
at careers_360_test.temp1.geturllaunch(temp1.java:20)
at careers_360_test.temp1.geturllaunch(temp1.java:20)
at careers_360_test.temp1.geturllaunch(temp1.java:20)
at careers_360_test.temp1.geturllaunch(temp1.java:20)
at careers_360_test.temp1.geturllaunch(temp1.java:20)
at careers_360_test.temp1.geturllaunch(temp1.java:20)
at careers_360_test.temp1.geturllaunch(temp1.java:20)
at careers_360_test.temp1.geturllaunch(temp1.java:20)
at careers_360_test.temp1.geturllaunch(temp1.java:20)
at careers_360_test.temp1.geturllaunch(temp1.java:20)
at careers_360_test.temp1.geturllaunch(temp1.java:20)
at careers_360_test.temp1.geturllaunch(temp1.java:20)
at careers_360_test.temp1.geturllaunch(temp1.java:20)
at careers_360_test.temp1.geturllaunch(temp1.java:20)
at careers_360_test.temp1.geturllaunch(temp1.java:20)
at careers_360_test.temp1.geturllaunch(temp1.java:20)
at careers_360_test.temp1.geturllaunch(temp1.java:20)
at careers_360_test.temp1.geturllaunch(temp1.java:20)
at careers_360_test.temp1.geturllaunch(temp1.java:20)
at careers_360_test.temp1.geturllaunch(temp1.java:20)
at careers_360_test.temp1.geturllaunch(temp1.java:20)
at careers_360_test.temp1.geturllaunch(temp1.java:20)
at careers_360_test.temp1.geturllaunch(temp1.java:20)
at careers_360_test.temp1.geturllaunch(temp1.java:20)
at careers_360_test.temp1.geturllaunch(temp1.java:20)
at careers_360_test.temp1.geturllaunch(temp1.java:20)
at careers_360_test.temp1.geturllaunch(temp1.java:20)
at careers_360_test.temp1.geturllaunch(temp1.java:20)
at careers_360_test.temp1.geturllaunch(temp1.java:20)
at careers_360_test.temp1.geturllaunch(temp1.java:20)
at careers_360_test.temp1.geturllaunch(temp1.java:20)
at careers_360_test.temp1.geturllaunch(temp1.java:20)
at careers_360_test.temp1.geturllaunch(temp1.java:20)
at careers_360_test.temp1.geturllaunch(temp1.java:20)
at careers_360_test.temp1.geturllaunch(temp1.java:20)
at careers_360_test.temp1.geturllaunch(temp1.java:20)
at careers_360_test.temp1.geturllaunch(temp1.java:20)
at careers_360_test.temp1.geturllaunch(temp1.java:20)
at careers_360_test.temp1.geturllaunch(temp1.java:20)
at careers_360_test.temp1.geturllaunch(temp1.java:20)
at careers_360_test.temp1.geturllaunch(temp1.java:20)
at careers_360_test.temp1.geturllaunch(temp1.java:20)
at careers_360_test.temp1.geturllaunch(temp1.java:20)
at careers_360_test.temp1.geturllaunch(temp1.java:20)
at careers_360_test.temp1.geturllaunch(temp1.java:20)
at careers_360_test.temp1.geturllaunch(temp1.java:20)
at careers_360_test.temp1.geturllaunch(temp1.java:20)
at careers_360_test.temp1.geturllaunch(temp1.java:20)
at careers_360_test.temp1.geturllaunch(temp1.java:20)
at careers_360_test.temp1.geturllaunch(temp1.java:20)
at careers_360_test.temp1.geturllaunch(temp1.java:20)
at careers_360_test.temp1.geturllaunch(temp1.java:20)
at careers_360_test.temp1.geturllaunch(temp1.java:20)
at careers_360_test.temp1.geturllaunch(temp1.java:20)
at careers_360_test.temp1.geturllaunch(temp1.java:20)
at careers_360_test.temp1.geturllaunch(temp1.java:20)
at careers_360_test.temp1.geturllaunch(temp1.java:20)
at careers_360_test.temp1.geturllaunch(temp1.java:20)
at careers_360_test.temp1.geturllaunch(temp1.java:20)
at careers_360_test.temp1.geturllaunch(temp1.java:20)
at careers_360_test.temp1.geturllaunch(temp1.java:20)
at careers_360_test.temp1.geturllaunch(temp1.java:20)
at careers_360_test.temp1.geturllaunch(temp1.java:20)
at careers_360_test.temp1.geturllaunch(temp1.java:20)
at careers_360_test.temp1.geturllaunch(temp1.java:20)
at careers_360_test.temp1.geturllaunch(temp1.java:20)
at careers_360_test.temp1.geturllaunch(temp1.java:20)
at careers_360_test.temp1.geturllaunch(temp1.java:20)
at careers_360_test.temp1.geturllaunch(temp1.java:20)
at careers_360_test.temp1.geturllaunch(temp1.java:20)
at careers_360_test.temp1.geturllaunch(temp1.java:20)
at careers_360_test.temp1.geturllaunch(temp1.java:20)
at careers_360_test.temp1.geturllaunch(temp1.java:20)
at careers_360_test.temp1.geturllaunch(temp1.java:20)
at careers_360_test.temp1.geturllaunch(temp1.java:20)
at careers_360_test.temp1.geturllaunch(temp1.java:20)
at careers_360_test.temp1.geturllaunch(temp1.java:20)
at careers_360_test.temp1.geturllaunch(temp1.java:20)
at careers_360_test.temp1.geturllaunch(temp1.java:20)
at careers_360_test.temp1.geturllaunch(temp1.java:20)
at careers_360_test.temp1.geturllaunch(temp1.java:20)
at careers_360_test.temp1.geturllaunch(temp1.java:20)
at careers_360_test.temp1.geturllaunch(temp1.java:20)
at careers_360_test.temp1.geturllaunch(temp1.java:20)
at careers_360_test.temp1.geturllaunch(temp1.java:20)
at careers_360_test.temp1.geturllaunch(temp1.java:20)
at careers_360_test.temp1.geturllaunch(temp1.java:20)
at careers_360_test.temp1.geturllaunch(temp1.java:20)
at careers_360_test.temp1.geturllaunch(temp1.java:20)
at careers_360_test.temp1.geturllaunch(temp1.java:20)
at careers_360_test.temp1.geturllaunch(temp1.java:20)
at careers_360_test.temp1.geturllaunch(temp1.java:20)
at careers_360_test.temp1.geturllaunch(temp1.java:20)
at careers_360_test.temp1.geturllaunch(temp1.java:20)
at careers_360_test.temp1.geturllaunch(temp1.java:20)
at careers_360_test.temp1.geturllaunch(temp1.java:20)
at careers_360_test.temp1.geturllaunch(temp1.java:20)
at careers_360_test.temp1.geturllaunch(temp1.java:20)
at careers_360_test.temp1.geturllaunch(temp1.java:20)
at careers_360_test.temp1.geturllaunch(temp1.java:20)
at careers_360_test.temp1.geturllaunch(temp1.java:20)
at careers_360_test.temp1.geturllaunch(temp1.java:20)
at careers_360_test.temp1.geturllaunch(temp1.java:20)
at careers_360_test.temp1.geturllaunch(temp1.java:20)
at careers_360_test.temp1.geturllaunch(temp1.java:20)
at careers_360_test.temp1.geturllaunch(temp1.java:20)
at careers_360_test.temp1.geturllaunch(temp1.java:20)
at careers_360_test.temp1.geturllaunch(temp1.java:20)
at careers_360_test.temp1.geturllaunch(temp1.java:20)
at careers_360_test.temp1.geturllaunch(temp1.java:20)
at careers_360_test.temp1.geturllaunch(temp1.java:20)
at careers_360_test.temp1.geturllaunch(temp1.java:20)
at careers_360_test.temp1.geturllaunch(temp1.java:20)
at careers_360_test.temp1.geturllaunch(temp1.java:20)
at careers_360_test.temp1.geturllaunch(temp1.java:20)
at careers_360_test.temp1.geturllaunch(temp1.java:20)
at careers_360_test.temp1.geturllaunch(temp1.java:20)
at careers_360_test.temp1.geturllaunch(temp1.java:20)
at careers_360_test.temp1.geturllaunch(temp1.java:20)
at careers_360_test.temp1.geturllaunch(temp1.java:20)
at careers_360_test.temp1.geturllaunch(temp1.java:20)
at careers_360_test.temp1.geturllaunch(temp1.java:20)
at careers_360_test.temp1.geturllaunch(temp1.java:20)
at careers_360_test.temp1.geturllaunch(temp1.java:20)
at careers_360_test.temp1.geturllaunch(temp1.java:20)
at careers_360_test.temp1.geturllaunch(temp1.java:20)
at careers_360_test.temp1.geturllaunch(temp1.java:20)
at careers_360_test.temp1.geturllaunch(temp1.java:20)
at careers_360_test.temp1.geturllaunch(temp1.java:20)
at careers_360_test.temp1.geturllaunch(temp1.java:20)
at careers_360_test.temp1.geturllaunch(temp1.java:20)
at careers_360_test.temp1.geturllaunch(temp1.java:20)
at careers_360_test.temp1.geturllaunch(temp1.java:20)
at careers_360_test.temp1.geturllaunch(temp1.java:20)
at careers_360_test.temp1.geturllaunch(temp1.java:20)
at careers_360_test.temp1.geturllaunch(temp1.java:20)
at careers_360_test.temp1.geturllaunch(temp1.java:20)
at careers_360_test.temp1.geturllaunch(temp1.java:20)
at careers_360_test.temp1.geturllaunch(temp1.java:20)
at careers_360_test.temp1.geturllaunch(temp1.java:20)
at careers_360_test.temp1.geturllaunch(temp1.java:20)
at careers_360_test.temp1.geturllaunch(temp1.java:20)
at careers_360_test.temp1.geturllaunch(temp1.java:20)
at careers_360_test.temp1.geturllaunch(temp1.java:20)
at careers_360_test.temp1.geturllaunch(temp1.java:20)
at careers_360_test.temp1.geturllaunch(temp1.java:20)
at careers_360_test.temp1.geturllaunch(temp1.java:20)
at careers_360_test.temp1.geturllaunch(temp1.java:20)
at careers_360_test.temp1.geturllaunch(temp1.java:20)
at careers_360_test.temp1.geturllaunch(temp1.java:20)
at careers_360_test.temp1.geturllaunch(temp1.java:20)
at careers_360_test.temp1.geturllaunch(temp1.java:20)
at careers_360_test.temp1.geturllaunch(temp1.java:20)
at careers_360_test.temp1.geturllaunch(temp1.java:20)
at careers_360_test.temp1.geturllaunch(temp1.java:20)
at careers_360_test.temp1.geturllaunch(temp1.java:20)
at careers_360_test.temp1.geturllaunch(temp1.java:20)
at careers_360_test.temp1.geturllaunch(temp1.java:20)
at careers_360_test.temp1.geturllaunch(temp1.java:20)
at careers_360_test.temp1.geturllaunch(temp1.java:20)
at careers_360_test.temp1.geturllaunch(temp1.java:20)
at careers_360_test.temp1.geturllaunch(temp1.java:20)
at careers_360_test.temp1.geturllaunch(temp1.java:20)
at careers_360_test.temp1.geturllaunch(temp1.java:20)
at careers_360_test.temp1.geturllaunch(temp1.java:20)
at careers_360_test.temp1.geturllaunch(temp1.java:20)
at careers_360_test.temp1.geturllaunch(temp1.java:20)
at careers_360_test.temp1.geturllaunch(temp1.java:20)
at careers_360_test.temp1.geturllaunch(temp1.java:20)
at careers_360_test.temp1.geturllaunch(temp1.java:20)
at careers_360_test.temp1.geturllaunch(temp1.java:20)
at careers_360_test.temp1.geturllaunch(temp1.java:20)
at careers_360_test.temp1.geturllaunch(temp1.java:20)
at careers_360_test.temp1.geturllaunch(temp1.java:20)
at careers_360_test.temp1.geturllaunch(temp1.java:20)
at careers_360_test.temp1.geturllaunch(temp1.java:20)
at careers_360_test.temp1.geturllaunch(temp1.java:20)
at careers_360_test.temp1.geturllaunch(temp1.java:20)
at careers_360_test.temp1.geturllaunch(temp1.java:20)
at careers_360_test.temp1.geturllaunch(temp1.java:20)
at careers_360_test.temp1.geturllaunch(temp1.java:20)
at careers_360_test.temp1.geturllaunch(temp1.java:20)
at careers_360_test.temp1.geturllaunch(temp1.java:20)
at careers_360_test.temp1.geturllaunch(temp1.java:20)
at careers_360_test.temp1.geturllaunch(temp1.java:20)
at careers_360_test.temp1.geturllaunch(temp1.java:20)
at careers_360_test.temp1.geturllaunch(temp1.java:20)
at careers_360_test.temp1.geturllaunch(temp1.java:20)
at careers_360_test.temp1.geturllaunch(temp1.java:20)
at careers_360_test.temp1.geturllaunch(temp1.java:20)
at careers_360_test.temp1.geturllaunch(temp1.java:20)
at careers_360_test.temp1.geturllaunch(temp1.java:20)
at careers_360_test.temp1.geturllaunch(temp1.java:20)
at careers_360_test.temp1.geturllaunch(temp1.java:20)
at careers_360_test.temp1.geturllaunch(temp1.java:20)
at careers_360_test.temp1.geturllaunch(temp1.java:20)
at careers_360_test.temp1.geturllaunch(temp1.java:20)
at careers_360_test.temp1.geturllaunch(temp1.java:20)
at careers_360_test.temp1.geturllaunch(temp1.java:20)
at careers_360_test.temp1.geturllaunch(temp1.java:20)
at careers_360_test.temp1.geturllaunch(temp1.java:20)
at careers_360_test.temp1.geturllaunch(temp1.java:20)
at careers_360_test.temp1.geturllaunch(temp1.java:20)
at careers_360_test.temp1.geturllaunch(temp1.java:20)
at careers_360_test.temp1.geturllaunch(temp1.java:20)
at careers_360_test.temp1.geturllaunch(temp1.java:20)
at careers_360_test.temp1.geturllaunch(temp1.java:20)
at careers_360_test.temp1.geturllaunch(temp1.java:20)
at careers_360_test.temp1.geturllaunch(temp1.java:20)
at careers_360_test.temp1.geturllaunch(temp1.java:20)
at careers_360_test.temp1.geturllaunch(temp1.java:20)
at careers_360_test.temp1.geturllaunch(temp1.java:20)
at careers_360_test.temp1.geturllaunch(temp1.java:20)
at careers_360_test.temp1.geturllaunch(temp1.java:20)
at careers_360_test.temp1.geturllaunch(temp1.java:20)
at careers_360_test.temp1.geturllaunch(temp1.java:20)
at careers_360_test.temp1.geturllaunch(temp1.java:20)
at careers_360_test.temp1.geturllaunch(temp1.java:20)
at careers_360_test.temp1.geturllaunch(temp1.java:20)
at careers_360_test.temp1.geturllaunch(temp1.java:20)
at careers_360_test.temp1.geturllaunch(temp1.java:20)
at careers_360_test.temp1.geturllaunch(temp1.java:20)
at careers_360_test.temp1.geturllaunch(temp1.java:20)
at careers_360_test.temp1.geturllaunch(temp1.java:20)
at careers_360_test.temp1.geturllaunch(temp1.java:20)
at careers_360_test.temp1.geturllaunch(temp1.java:20)
at careers_360_test.temp1.geturllaunch(temp1.java:20)
at careers_360_test.temp1.geturllaunch(temp1.java:20)
at careers_360_test.temp1.geturllaunch(temp1.java:20)
at careers_360_test.temp1.geturllaunch(temp1.java:20)
at careers_360_test.temp1.geturllaunch(temp1.java:20)
at careers_360_test.temp1.geturllaunch(temp1.java:20)
at careers_360_test.temp1.geturllaunch(temp1.java:20)
at careers_360_test.temp1.geturllaunch(temp1.java:20)
at careers_360_test.temp1.geturllaunch(temp1.java:20)
at careers_360_test.temp1.geturllaunch(temp1.java:20)
at careers_360_test.temp1.geturllaunch(temp1.java:20)
at careers_360_test.temp1.geturllaunch(temp1.java:20)
at careers_360_test.temp1.geturllaunch(temp1.java:20)
at careers_360_test.temp1.geturllaunch(temp1.java:20)
at careers_360_test.temp1.geturllaunch(temp1.java:20)
at careers_360_test.temp1.geturllaunch(temp1.java:20)
at careers_360_test.temp1.geturllaunch(temp1.java:20)
at careers_360_test.temp1.geturllaunch(temp1.java:20)
at careers_360_test.temp1.geturllaunch(temp1.java:20)
at careers_360_test.temp1.geturllaunch(temp1.java:20)
at careers_360_test.temp1.geturllaunch(temp1.java:20)
at careers_360_test.temp1.geturllaunch(temp1.java:20)
at careers_360_test.temp1.geturllaunch(temp1.java:20)
at careers_360_test.temp1.geturllaunch(temp1.java:20)
at careers_360_test.temp1.geturllaunch(temp1.java:20)
at careers_360_test.temp1.geturllaunch(temp1.java:20)
at careers_360_test.temp1.geturllaunch(temp1.java:20)
at careers_360_test.temp1.geturllaunch(temp1.java:20)
at careers_360_test.temp1.geturllaunch(temp1.java:20)
at careers_360_test.temp1.geturllaunch(temp1.java:20)
at careers_360_test.temp1.geturllaunch(temp1.java:20)
at careers_360_test.temp1.geturllaunch(temp1.java:20)
at careers_360_test.temp1.geturllaunch(temp1.java:20)
at careers_360_test.temp1.geturllaunch(temp1.java:20)
at careers_360_test.temp1.geturllaunch(temp1.java:20)
at careers_360_test.temp1.geturllaunch(temp1.java:20)
at careers_360_test.temp1.geturllaunch(temp1.java:20)
at careers_360_test.temp1.geturllaunch(temp1.java:20)
at careers_360_test.temp1.geturllaunch(temp1.java:20)
at careers_360_test.temp1.geturllaunch(temp1.java:20)
at careers_360_test.temp1.geturllaunch(temp1.java:20)
at careers_360_test.temp1.geturllaunch(temp1.java:20)
at careers_360_test.temp1.geturllaunch(temp1.java:20)
at careers_360_test.temp1.geturllaunch(temp1.java:20)
at careers_360_test.temp1.geturllaunch(temp1.java:20)
at careers_360_test.temp1.geturllaunch(temp1.java:20)
at careers_360_test.temp1.geturllaunch(temp1.java:20)
at careers_360_test.temp1.geturllaunch(temp1.java:20)
at careers_360_test.temp1.geturllaunch(temp1.java:20)
at careers_360_test.temp1.geturllaunch(temp1.java:20)
at careers_360_test.temp1.geturllaunch(temp1.java:20)
at careers_360_test.temp1.geturllaunch(temp1.java:20)
at careers_360_test.temp1.geturllaunch(temp1.java:20)
at careers_360_test.temp1.geturllaunch(temp1.java:20)
at careers_360_test.temp1.geturllaunch(temp1.java:20)
at careers_360_test.temp1.geturllaunch(temp1.java:20)
at careers_360_test.temp1.geturllaunch(temp1.java:20)
at careers_360_test.temp1.geturllaunch(temp1.java:20)
at careers_360_test.temp1.geturllaunch(temp1.java:20)
at careers_360_test.temp1.geturllaunch(temp1.java:20)
at careers_360_test.temp1.geturllaunch(temp1.java:20)
at careers_360_test.temp1.geturllaunch(temp1.java:20)
at careers_360_test.temp1.geturllaunch(temp1.java:20)
at careers_360_test.temp1.geturllaunch(temp1.java:20)
at careers_360_test.temp1.geturllaunch(temp1.java:20)
at careers_360_test.temp1.geturllaunch(temp1.java:20)
at careers_360_test.temp1.geturllaunch(temp1.java:20)
at careers_360_test.temp1.geturllaunch(temp1.java:20)
at careers_360_test.temp1.geturllaunch(temp1.java:20)
at careers_360_test.temp1.geturllaunch(temp1.java:20)
at careers_360_test.temp1.geturllaunch(temp1.java:20)
at careers_360_test.temp1.geturllaunch(temp1.java:20)
at careers_360_test.temp1.geturllaunch(temp1.java:20)
at careers_360_test.temp1.geturllaunch(temp1.java:20)
at careers_360_test.temp1.geturllaunch(temp1.java:20)
at careers_360_test.temp1.geturllaunch(temp1.java:20)
at careers_360_test.temp1.geturllaunch(temp1.java:20)
at careers_360_test.temp1.geturllaunch(temp1.java:20)
at careers_360_test.temp1.geturllaunch(temp1.java:20)
at careers_360_test.temp1.geturllaunch(temp1.java:20)
at careers_360_test.temp1.geturllaunch(temp1.java:20)
at careers_360_test.temp1.geturllaunch(temp1.java:20)
at careers_360_test.temp1.geturllaunch(temp1.java:20)
at careers_360_test.temp1.geturllaunch(temp1.java:20)
at careers_360_test.temp1.geturllaunch(temp1.java:20)
at careers_360_test.temp1.geturllaunch(temp1.java:20)
at careers_360_test.temp1.geturllaunch(temp1.java:20)
at careers_360_test.temp1.geturllaunch(temp1.java:20)
at careers_360_test.temp1.geturllaunch(temp1.java:20)
at careers_360_test.temp1.geturllaunch(temp1.java:20)
at careers_360_test.temp1.geturllaunch(temp1.java:20)
at careers_360_test.temp1.geturllaunch(temp1.java:20)
at careers_360_test.temp1.geturllaunch(temp1.java:20)
at careers_360_test.temp1.geturllaunch(temp1.java:20)
at careers_360_test.temp1.geturllaunch(temp1.java:20)
at careers_360_test.temp1.geturllaunch(temp1.java:20)
at careers_360_test.temp1.geturllaunch(temp1.java:20)
at careers_360_test.temp1.geturllaunch(temp1.java:20)
at careers_360_test.temp1.geturllaunch(temp1.java:20)
at careers_360_test.temp1.geturllaunch(temp1.java:20)
at careers_360_test.temp1.geturllaunch(temp1.java:20)
at careers_360_test.temp1.geturllaunch(temp1.java:20)
at careers_360_test.temp1.geturllaunch(temp1.java:20)
at careers_360_test.temp1.geturllaunch(temp1.java:20)
at careers_360_test.temp1.geturllaunch(temp1.java:20)
at careers_360_test.temp1.geturllaunch(temp1.java:20)
at careers_360_test.temp1.geturllaunch(temp1.java:20)
at careers_360_test.temp1.geturllaunch(temp1.java:20)
at careers_360_test.temp1.geturllaunch(temp1.java:20)
at careers_360_test.temp1.geturllaunch(temp1.java:20)
at careers_360_test.temp1.geturllaunch(temp1.java:20)
at careers_360_test.temp1.geturllaunch(temp1.java:20)
at careers_360_test.temp1.geturllaunch(temp1.java:20)
at careers_360_test.temp1.geturllaunch(temp1.java:20)
at careers_360_test.temp1.geturllaunch(temp1.java:20)
at careers_360_test.temp1.geturllaunch(temp1.java:20)
at careers_360_test.temp1.geturllaunch(temp1.java:20)
at careers_360_test.temp1.geturllaunch(temp1.java:20)
at careers_360_test.temp1.geturllaunch(temp1.java:20)
at careers_360_test.temp1.geturllaunch(temp1.java:20)
at careers_360_test.temp1.geturllaunch(temp1.java:20)
at careers_360_test.temp1.geturllaunch(temp1.java:20)
at careers_360_test.temp1.geturllaunch(temp1.java:20)
at careers_360_test.temp1.geturllaunch(temp1.java:20)
at careers_360_test.temp1.geturllaunch(temp1.java:20)
at careers_360_test.temp1.geturllaunch(temp1.java:20)
at careers_360_test.temp1.geturllaunch(temp1.java:20)
at careers_360_test.temp1.geturllaunch(temp1.java:20)
at careers_360_test.temp1.geturllaunch(temp1.java:20)
at careers_360_test.temp1.geturllaunch(temp1.java:20)
at careers_360_test.temp1.geturllaunch(temp1.java:20)
at careers_360_test.temp1.geturllaunch(temp1.java:20)
at careers_360_test.temp1.geturllaunch(temp1.java:20)
at careers_360_test.temp1.geturllaunch(temp1.java:20)
at careers_360_test.temp1.geturllaunch(temp1.java:20)
at careers_360_test.temp1.geturllaunch(temp1.java:20)
at careers_360_test.temp1.geturllaunch(temp1.java:20)
at careers_360_test.temp1.geturllaunch(temp1.java:20)
at careers_360_test.temp1.geturllaunch(temp1.java:20)
at careers_360_test.temp1.geturllaunch(temp1.java:20)
at careers_360_test.temp1.geturllaunch(temp1.java:20)
at careers_360_test.temp1.geturllaunch(temp1.java:20)
at careers_360_test.temp1.geturllaunch(temp1.java:20)
at careers_360_test.temp1.geturllaunch(temp1.java:20)
at careers_360_test.temp1.geturllaunch(temp1.java:20)
at careers_360_test.temp1.geturllaunch(temp1.java:20)
at careers_360_test.temp1.geturllaunch(temp1.java:20)
at careers_360_test.temp1.geturllaunch(temp1.java:20)
at careers_360_test.temp1.geturllaunch(temp1.java:20)
at careers_360_test.temp1.geturllaunch(temp1.java:20)
at careers_360_test.temp1.geturllaunch(temp1.java:20)
at careers_360_test.temp1.geturllaunch(temp1.java:20)
at careers_360_test.temp1.geturllaunch(temp1.java:20)
at careers_360_test.temp1.geturllaunch(temp1.java:20)
at careers_360_test.temp1.geturllaunch(temp1.java:20)
at careers_360_test.temp1.geturllaunch(temp1.java:20)
at careers_360_test.temp1.geturllaunch(temp1.java:20)
at careers_360_test.temp1.geturllaunch(temp1.java:20)
at careers_360_test.temp1.geturllaunch(temp1.java:20)
at careers_360_test.temp1.geturllaunch(temp1.java:20)
at careers_360_test.temp1.geturllaunch(temp1.java:20)
at careers_360_test.temp1.geturllaunch(temp1.java:20)
at careers_360_test.temp1.geturllaunch(temp1.java:20)
at careers_360_test.temp1.geturllaunch(temp1.java:20)
at careers_360_test.temp1.geturllaunch(temp1.java:20)
at careers_360_test.temp1.geturllaunch(temp1.java:20)
at careers_360_test.temp1.geturllaunch(temp1.java:20)
at careers_360_test.temp1.geturllaunch(temp1.java:20)
at careers_360_test.temp1.geturllaunch(temp1.java:20)
at careers_360_test.temp1.geturllaunch(temp1.java:20)
at careers_360_test.temp1.geturllaunch(temp1.java:20)
at careers_360_test.temp1.geturllaunch(temp1.java:20)
at careers_360_test.temp1.geturllaunch(temp1.java:20)
at careers_360_test.temp1.geturllaunch(temp1.java:20)
at careers_360_test.temp1.geturllaunch(temp1.java:20)
at careers_360_test.temp1.geturllaunch(temp1.java:20)
at careers_360_test.temp1.geturllaunch(temp1.java:20)
at careers_360_test.temp1.geturllaunch(temp1.java:20)
at careers_360_test.temp1.geturllaunch(temp1.java:20)
at careers_360_test.temp1.geturllaunch(temp1.java:20)
at careers_360_test.temp1.geturllaunch(temp1.java:20)
at careers_360_test.temp1.geturllaunch(temp1.java:20)
at careers_360_test.temp1.geturllaunch(temp1.java:20)
at careers_360_test.temp1.geturllaunch(temp1.java:20)
at careers_360_test.temp1.geturllaunch(temp1.java:20)
at careers_360_test.temp1.geturllaunch(temp1.java:20)
at careers_360_test.temp1.geturllaunch(temp1.java:20)
at careers_360_test.temp1.geturllaunch(temp1.java:20)
at careers_360_test.temp1.geturllaunch(temp1.java:20)
at careers_360_test.temp1.geturllaunch(temp1.java:20)
at careers_360_test.temp1.geturllaunch(temp1.java:20)
at careers_360_test.temp1.geturllaunch(temp1.java:20)
at careers_360_test.temp1.geturllaunch(temp1.java:20)
at careers_360_test.temp1.geturllaunch(temp1.java:20)
at careers_360_test.temp1.geturllaunch(temp1.java:20)
at careers_360_test.temp1.geturllaunch(temp1.java:20)
at careers_360_test.temp1.geturllaunch(temp1.java:20)
at careers_360_test.temp1.geturllaunch(temp1.java:20)
at careers_360_test.temp1.geturllaunch(temp1.java:20)
at careers_360_test.temp1.geturllaunch(temp1.java:20)
at careers_360_test.temp1.geturllaunch(temp1.java:20)
at careers_360_test.temp1.geturllaunch(temp1.java:20)
at careers_360_test.temp1.geturllaunch(temp1.java:20)
at careers_360_test.temp1.geturllaunch(temp1.java:20)
at careers_360_test.temp1.geturllaunch(temp1.java:20)
at careers_360_test.temp1.geturllaunch(temp1.java:20)
at careers_360_test.temp1.geturllaunch(temp1.java:20)
at careers_360_test.temp1.geturllaunch(temp1.java:20)
at careers_360_test.temp1.geturllaunch(temp1.java:20)
at careers_360_test.temp1.geturllaunch(temp1.java:20)
at careers_360_test.temp1.geturllaunch(temp1.java:20)
at careers_360_test.temp1.geturllaunch(temp1.java:20)
at careers_360_test.temp1.geturllaunch(temp1.java:20)
at careers_360_test.temp1.geturllaunch(temp1.java:20)
at careers_360_test.temp1.geturllaunch(temp1.java:20)
at careers_360_test.temp1.geturllaunch(temp1.java:20)
at careers_360_test.temp1.geturllaunch(temp1.java:20)
at careers_360_test.temp1.geturllaunch(temp1.java:20)
at careers_360_test.temp1.geturllaunch(temp1.java:20)
at careers_360_test.temp1.geturllaunch(temp1.java:20)
at careers_360_test.temp1.geturllaunch(temp1.java:20)
at careers_360_test.temp1.geturllaunch(temp1.java:20)
at careers_360_test.temp1.geturllaunch(temp1.java:20)
at careers_360_test.temp1.geturllaunch(temp1.java:20)
at careers_360_test.temp1.geturllaunch(temp1.java:20)
at careers_360_test.temp1.geturllaunch(temp1.java:20)
at careers_360_test.temp1.geturllaunch(temp1.java:20)
at careers_360_test.temp1.geturllaunch(temp1.java:20)
at careers_360_test.temp1.geturllaunch(temp1.java:20)
at careers_360_test.temp1.geturllaunch(temp1.java:20)
at careers_360_test.temp1.geturllaunch(temp1.java:20)
at careers_360_test.temp1.geturllaunch(temp1.java:20)
at careers_360_test.temp1.geturllaunch(temp1.java:20)
at careers_360_test.temp1.geturllaunch(temp1.java:20)
at careers_360_test.temp1.geturllaunch(temp1.java:20)
at careers_360_test.temp1.geturllaunch(temp1.java:20)
at careers_360_test.temp1.geturllaunch(temp1.java:20)
at careers_360_test.temp1.geturllaunch(temp1.java:20)
at careers_360_test.temp1.geturllaunch(temp1.java:20)
at careers_360_test.temp1.geturllaunch(temp1.java:20)
at careers_360_test.temp1.geturllaunch(temp1.java:20)
at careers_360_test.temp1.geturllaunch(temp1.java:20)
at careers_360_test.temp1.geturllaunch(temp1.java:20)
at careers_360_test.temp1.geturllaunch(temp1.java:20)
at careers_360_test.temp1.geturllaunch(temp1.java:20)
at careers_360_test.temp1.geturllaunch(temp1.java:20)
at careers_360_test.temp1.geturllaunch(temp1.java:20)
at careers_360_test.temp1.geturllaunch(temp1.java:20)
at careers_360_test.temp1.geturllaunch(temp1.java:20)
at careers_360_test.temp1.geturllaunch(temp1.java:20)
at careers_360_test.temp1.geturllaunch(temp1.java:20)
at careers_360_test.temp1.geturllaunch(temp1.java:20)
at careers_360_test.temp1.geturllaunch(temp1.java:20)
at careers_360_test.temp1.geturllaunch(temp1.java:20)
at careers_360_test.temp1.geturllaunch(temp1.java:20)
at careers_360_test.temp1.geturllaunch(temp1.java:20)
at careers_360_test.temp1.geturllaunch(temp1.java:20)
at careers_360_test.temp1.geturllaunch(temp1.java:20)
at careers_360_test.temp1.geturllaunch(temp1.java:20)
at careers_360_test.temp1.geturllaunch(temp1.java:20)
at careers_360_test.temp1.geturllaunch(temp1.java:20)
at careers_360_test.temp1.geturllaunch(temp1.java:20)
at careers_360_test.temp1.geturllaunch(temp1.java:20)
at careers_360_test.temp1.geturllaunch(temp1.java:20)
at careers_360_test.temp1.geturllaunch(temp1.java:20)
at careers_360_test.temp1.geturllaunch(temp1.java:20)
at careers_360_test.temp1.geturllaunch(temp1.java:20)
at careers_360_test.temp1.geturllaunch(temp1.java:20)
at careers_360_test.temp1.geturllaunch(temp1.java:20)
at careers_360_test.temp1.geturllaunch(temp1.java:20)
at careers_360_test.temp1.geturllaunch(temp1.java:20)
at careers_360_test.temp1.geturllaunch(temp1.java:20)
at careers_360_test.temp1.geturllaunch(temp1.java:20)
at careers_360_test.temp1.geturllaunch(temp1.java:20)
at careers_360_test.temp1.geturllaunch(temp1.java:20)
at careers_360_test.temp1.geturllaunch(temp1.java:20)
at careers_360_test.temp1.geturllaunch(temp1.java:20)
at careers_360_test.temp1.geturllaunch(temp1.java:20)
at careers_360_test.temp1.geturllaunch(temp1.java:20)
at careers_360_test.temp1.geturllaunch(temp1.java:20)
at careers_360_test.temp1.geturllaunch(temp1.java:20)
at careers_360_test.temp1.geturllaunch(temp1.java:20)
at careers_360_test.temp1.geturllaunch(temp1.java:20)
at careers_360_test.temp1.geturllaunch(temp1.java:20)
at careers_360_test.temp1.geturllaunch(temp1.java:20)
at careers_360_test.temp1.geturllaunch(temp1.java:20)
at careers_360_test.temp1.geturllaunch(temp1.java:20)
at careers_360_test.temp1.geturllaunch(temp1.java:20)
at careers_360_test.temp1.geturllaunch(temp1.java:20)
at careers_360_test.temp1.geturllaunch(temp1.java:20)
at careers_360_test.temp1.geturllaunch(temp1.java:20)
at careers_360_test.temp1.geturllaunch(temp1.java:20)
at careers_360_test.temp1.geturllaunch(temp1.java:20)
at careers_360_test.temp1.geturllaunch(temp1.java:20)
at careers_360_test.temp1.geturllaunch(temp1.java:20)
at careers_360_test.temp1.geturllaunch(temp1.java:20)
at careers_360_test.temp1.geturllaunch(temp1.java:20)
at careers_360_test.temp1.geturllaunch(temp1.java:20)
at careers_360_test.temp1.geturllaunch(temp1.java:20)
at careers_360_test.temp1.geturllaunch(temp1.java:20)
at careers_360_test.temp1.geturllaunch(temp1.java:20)
at careers_360_test.temp1.geturllaunch(temp1.java:20)
at careers_360_test.temp1.geturllaunch(temp1.java:20)
at careers_360_test.temp1.geturllaunch(temp1.java:20)
at careers_360_test.temp1.geturllaunch(temp1.java:20)
at careers_360_test.temp1.geturllaunch(temp1.java:20)
at careers_360_test.temp1.geturllaunch(temp1.java:20)
at careers_360_test.temp1.geturllaunch(temp1.java:20)
at careers_360_test.temp1.geturllaunch(temp1.java:20)
at careers_360_test.temp1.geturllaunch(temp1.java:20)
at careers_360_test.temp1.geturllaunch(temp1.java:20)
at careers_360_test.temp1.geturllaunch(temp1.java:20)
at careers_360_test.temp1.geturllaunch(temp1.java:20)
at careers_360_test.temp1.geturllaunch(temp1.java:20)
at careers_360_test.temp1.geturllaunch(temp1.java:20)
at careers_360_test.temp1.geturllaunch(temp1.java:20)
at careers_360_test.temp1.geturllaunch(temp1.java:20)
at careers_360_test.temp1.geturllaunch(temp1.java:20)
at careers_360_test.temp1.geturllaunch(temp1.java:20)
at careers_360_test.temp1.geturllaunch(temp1.java:20)
at careers_360_test.temp1.geturllaunch(temp1.java:20)
at careers_360_test.temp1.geturllaunch(temp1.java:20)
at careers_360_test.temp1.geturllaunch(temp1.java:20)
at careers_360_test.temp1.geturllaunch(temp1.java:20)
at careers_360_test.temp1.geturllaunch(temp1.java:20)
at careers_360_test.temp1.geturllaunch(temp1.java:20)
at careers_360_test.temp1.geturllaunch(temp1.java:20)
at careers_360_test.temp1.geturllaunch(temp1.java:20)
at careers_360_test.temp1.geturllaunch(temp1.java:20)
at careers_360_test.temp1.geturllaunch(temp1.java:20)
at careers_360_test.temp1.geturllaunch(temp1.java:20)
at careers_360_test.temp1.geturllaunch(temp1.java:20)
at careers_360_test.temp1.geturllaunch(temp1.java:20)
at careers_360_test.temp1.geturllaunch(temp1.java:20)
at careers_360_test.temp1.geturllaunch(temp1.java:20)
at careers_360_test.temp1.geturllaunch(temp1.java:20)
at careers_360_test.temp1.geturllaunch(temp1.java:20)
at careers_360_test.temp1.geturllaunch(temp1.java:20)
at careers_360_test.temp1.geturllaunch(temp1.java:20)
at careers_360_test.temp1.geturllaunch(temp1.java:20)
at careers_360_test.temp1.geturllaunch(temp1.java:20)
at careers_360_test.temp1.geturllaunch(temp1.java:20)
at careers_360_test.temp1.geturllaunch(temp1.java:20)
at careers_360_test.temp1.geturllaunch(temp1.java:20)
at careers_360_test.temp1.geturllaunch(temp1.java:20)
at careers_360_test.temp1.geturllaunch(temp1.java:20)
at careers_360_test.temp1.geturllaunch(temp1.java:20)
at careers_360_test.temp1.geturllaunch(temp1.java:20)
at careers_360_test.temp1.geturllaunch(temp1.java:20)
at careers_360_test.temp1.geturllaunch(temp1.java:20)
at careers_360_test.temp1.geturllaunch(temp1.java:20)
at careers_360_test.temp1.geturllaunch(temp1.java:20)
at careers_360_test.temp1.geturllaunch(temp1.java:20)
at careers_360_test.temp1.geturllaunch(temp1.java:20)
at careers_360_test.temp1.geturllaunch(temp1.java:20)
at careers_360_test.temp1.geturllaunch(temp1.java:20)
at careers_360_test.temp1.geturllaunch(temp1.java:20)
at careers_360_test.temp1.geturllaunch(temp1.java:20)
at careers_360_test.temp1.geturllaunch(temp1.java:20)
at careers_360_test.temp1.geturllaunch(temp1.java:20)
at careers_360_test.temp1.geturllaunch(temp1.java:20)
at careers_360_test.temp1.geturllaunch(temp1.java:20)
at careers_360_test.temp1.geturllaunch(temp1.java:20)
at careers_360_test.temp1.geturllaunch(temp1.java:20)
at careers_360_test.temp1.geturllaunch(temp1.java:20)
at careers_360_test.temp1.geturllaunch(temp1.java:20)
at careers_360_test.temp1.geturllaunch(temp1.java:20)
at careers_360_test.temp1.geturllaunch(temp1.java:20)
at careers_360_test.temp1.geturllaunch(temp1.java:20)
at careers_360_test.temp1.geturllaunch(temp1.java:20)
at careers_360_test.temp1.geturllaunch(temp1.java:20)
at careers_360_test.temp1.geturllaunch(temp1.java:20)
at careers_360_test.temp1.geturllaunch(temp1.java:20)
at careers_360_test.temp1.geturllaunch(temp1.java:20)
at careers_360_test.temp1.geturllaunch(temp1.java:20)
at careers_360_test.temp1.geturllaunch(temp1.java:20)
at careers_360_test.temp1.geturllaunch(temp1.java:20)
at careers_360_test.temp1.geturllaunch(temp1.java:20)
at careers_360_test.temp1.geturllaunch(temp1.java:20)
at careers_360_test.temp1.geturllaunch(temp1.java:20)
at careers_360_test.temp1.geturllaunch(temp1.java:20)
at careers_360_test.temp1.geturllaunch(temp1.java:20)
at careers_360_test.temp1.geturllaunch(temp1.java:20)
at careers_360_test.temp1.geturllaunch(temp1.java:20)
at careers_360_test.temp1.geturllaunch(temp1.java:20)
at careers_360_test.temp1.geturllaunch(temp1.java:20)
at careers_360_test.temp1.geturllaunch(temp1.java:20)
at careers_360_test.temp1.geturllaunch(temp1.java:20)
at careers_360_test.temp1.geturllaunch(temp1.java:20)
at careers_360_test.temp1.geturllaunch(temp1.java:20)
at careers_360_test.temp1.geturllaunch(temp1.java:20)
at careers_360_test.temp1.geturllaunch(temp1.java:20)
at careers_360_test.temp1.geturllaunch(temp1.java:20)
at careers_360_test.temp1.geturllaunch(temp1.java:20)
at careers_360_test.temp1.geturllaunch(temp1.java:20)
at careers_360_test.temp1.geturllaunch(temp1.java:20)
at careers_360_test.temp1.geturllaunch(temp1.java:20)
at careers_360_test.temp1.geturllaunch(temp1.java:20)
at careers_360_test.temp1.geturllaunch(temp1.java:20)
at careers_360_test.temp1.geturllaunch(temp1.java:20)
at careers_360_test.temp1.geturllaunch(temp1.java:20)
at careers_360_test.temp1.geturllaunch(temp1.java:20)
at careers_360_test.temp1.geturllaunch(temp1.java:20)
at careers_360_test.temp1.geturllaunch(temp1.java:20)
at careers_360_test.temp1.geturllaunch(temp1.java:20)
at careers_360_test.temp1.geturllaunch(temp1.java:20)
at careers_360_test.temp1.geturllaunch(temp1.java:20)
at careers_360_test.temp1.geturllaunch(temp1.java:20)
at careers_360_test.temp1.geturllaunch(temp1.java:20)
at careers_360_test.temp1.geturllaunch(temp1.java:20)
at careers_360_test.temp1.geturllaunch(temp1.java:20)
at careers_360_test.temp1.geturllaunch(temp1.java:20)
at careers_360_test.temp1.geturllaunch(temp1.java:20)
at careers_360_test.temp1.geturllaunch(temp1.java:20)
at careers_360_test.temp1.geturllaunch(temp1.java:20)
at careers_360_test.temp1.geturllaunch(temp1.java:20)
at careers_360_test.temp1.geturllaunch(temp1.java:20)
at careers_360_test.temp1.geturllaunch(temp1.java:20)
at careers_360_test.temp1.geturllaunch(temp1.java:20)
at careers_360_test.temp1.geturllaunch(temp1.java:20)
at careers_360_test.temp1.geturllaunch(temp1.java:20)
at careers_360_test.temp1.geturllaunch(temp1.java:20)
at careers_360_test.temp1.geturllaunch(temp1.java:20)
at careers_360_test.temp1.geturllaunch(temp1.java:20)
at careers_360_test.temp1.geturllaunch(temp1.java:20)
at careers_360_test.temp1.geturllaunch(temp1.java:20)
at careers_360_test.temp1.geturllaunch(temp1.java:20)
at careers_360_test.temp1.geturllaunch(temp1.java:20)
]]>
    </error>
  </testcase> <!-- geturllaunch -->
  <system-out/>
  <testcase classname="careers_360_test.temp1" name="clickonQ_A" time="0.000">
    <skipped/>
  </testcase> <!-- clickonQ_A -->
  <system-out/>
</testsuite> <!-- careers_360_test.temp1 -->
