<?xml version="1.0" encoding="UTF-8"?>
<!-- Generated by org.testng.reporters.JUnitReportReporter -->
<testsuite hostname="Kapil-A-QA" failures="0" tests="4" name="careers_360_test.CTA_Overview_Enquire_Test" time="14.200" errors="0" timestamp="2023-08-18T15:38:39 IST" skipped="0">
  <testcase classname="careers_360_test.CTA_Overview_Enquire_Test" name="click_On_Enquire" time="3.305"/>
  <system-out/>
  <testcase classname="careers_360_test.CTA_Overview_Enquire_Test" name="click_On_Frame" time="0.048"/>
  <system-out/>
  <testcase classname="careers_360_test.CTA_Overview_Enquire_Test" name="get_Signup_Text" time="0.038"/>
  <system-out/>
  <testcase classname="careers_360_test.CTA_Overview_Enquire_Test" name="singin_details" time="10.809"/>
  <system-out/>
</testsuite> <!-- careers_360_test.CTA_Overview_Enquire_Test -->
