<?xml version="1.0" encoding="UTF-8"?>
<!-- Generated by org.testng.reporters.JUnitReportReporter -->
<testsuite hostname="Kapil-A-QA" failures="0" tests="2" name="RestAssured_Session.Test_GetMethod" time="2.588" errors="0" timestamp="2023-08-06T00:01:49 IST" skipped="0">
  <testcase classname="RestAssured_Session.Test_GetMethod" name="TestCase02" time="0.214"/>
  <system-out/>
  <testcase classname="RestAssured_Session.Test_GetMethod" name="TestCase01" time="2.374"/>
  <system-out/>
</testsuite> <!-- RestAssured_Session.Test_GetMethod -->
