<?xml version="1.0" encoding="UTF-8"?>
<!-- Generated by org.testng.reporters.JUnitReportReporter -->
<testsuite hostname="Kapil-A-QA" failures="0" tests="4" name="careers_360_test.CTA_Brochure_Test" time="14.653" errors="0" timestamp="2023-07-24T14:20:05 IST" skipped="0">
  <testcase classname="careers_360_test.CTA_Brochure_Test" name="click_On_Brochure" time="3.887"/>
  <system-out/>
  <testcase classname="careers_360_test.CTA_Brochure_Test" name="click_On_Frame" time="0.194"/>
  <system-out/>
  <testcase classname="careers_360_test.CTA_Brochure_Test" name="get_Signup_Text" time="0.093"/>
  <system-out/>
  <testcase classname="careers_360_test.CTA_Brochure_Test" name="singin_details" time="10.479"/>
  <system-out/>
</testsuite> <!-- careers_360_test.CTA_Brochure_Test -->
