<?xml version="1.0" encoding="UTF-8"?>
<!-- Generated by org.testng.reporters.JUnitReportReporter -->
<testsuite hostname="Kapil-A-QA" failures="0" tests="2" name="careers_360_test.University_header_test" time="1.326" errors="0" timestamp="2023-09-08T16:41:22 IST" skipped="0">
  <testcase classname="careers_360_test.University_header_test" name="getH2Title" time="0.417"/>
  <system-out/>
  <testcase classname="careers_360_test.University_header_test" name="getH3Title" time="0.909"/>
  <system-out/>
</testsuite> <!-- careers_360_test.University_header_test -->
