<?xml version="1.0" encoding="UTF-8"?>
<!-- Generated by org.testng.reporters.JUnitReportReporter -->
<testsuite hostname="Kapil-A-QA" failures="0" tests="4" name="careers_360_test.CTA_Header_Whatsapp_Test" time="14.418" errors="0" timestamp="2023-08-18T18:08:50 IST" skipped="0">
  <testcase classname="careers_360_test.CTA_Header_Whatsapp_Test" name="click_On_Whatsapp" time="4.763"/>
  <system-out/>
  <testcase classname="careers_360_test.CTA_Header_Whatsapp_Test" name="click_On_Frame" time="0.046"/>
  <system-out/>
  <testcase classname="careers_360_test.CTA_Header_Whatsapp_Test" name="get_Signup_Text" time="0.042"/>
  <system-out/>
  <testcase classname="careers_360_test.CTA_Header_Whatsapp_Test" name="singin_details" time="9.567"/>
  <system-out/>
</testsuite> <!-- careers_360_test.CTA_Header_Whatsapp_Test -->
