<?xml version="1.0" encoding="UTF-8"?>
<!-- Generated by org.testng.reporters.JUnitReportReporter -->
<testsuite hostname="Kapil-A-QA" failures="0" tests="5" name="careers_360_test.CTA_Reviews_Enquire_Test" time="14.245" errors="0" timestamp="2023-08-18T15:30:17 IST" skipped="0">
  <testcase classname="careers_360_test.CTA_Reviews_Enquire_Test" name="clickon_Review_Button" time="2.688"/>
  <system-out/>
  <testcase classname="careers_360_test.CTA_Reviews_Enquire_Test" name="click_On_Enquire" time="2.201"/>
  <system-out/>
  <testcase classname="careers_360_test.CTA_Reviews_Enquire_Test" name="click_On_Frame" time="0.039"/>
  <system-out/>
  <testcase classname="careers_360_test.CTA_Reviews_Enquire_Test" name="get_Signup_Text" time="0.036"/>
  <system-out/>
  <testcase classname="careers_360_test.CTA_Reviews_Enquire_Test" name="singin_details" time="9.281"/>
  <system-out/>
</testsuite> <!-- careers_360_test.CTA_Reviews_Enquire_Test -->
