<?xml version="1.0" encoding="UTF-8"?>
<!-- Generated by org.testng.reporters.JUnitReportReporter -->
<testsuite hostname="Kapil-A-QA" failures="0" tests="5" name="careers_360_test.CTA_Admissions_Enquire_Test" time="16.515" errors="0" timestamp="2023-08-18T15:49:29 IST" skipped="0">
  <testcase classname="careers_360_test.CTA_Admissions_Enquire_Test" name="clickon_Admissions_Button" time="2.740"/>
  <system-out/>
  <testcase classname="careers_360_test.CTA_Admissions_Enquire_Test" name="click_On_Enquire" time="2.236"/>
  <system-out/>
  <testcase classname="careers_360_test.CTA_Admissions_Enquire_Test" name="click_On_Frame" time="0.054"/>
  <system-out/>
  <testcase classname="careers_360_test.CTA_Admissions_Enquire_Test" name="get_Signup_Text" time="0.039"/>
  <system-out/>
  <testcase classname="careers_360_test.CTA_Admissions_Enquire_Test" name="singin_details" time="11.446"/>
  <system-out/>
</testsuite> <!-- careers_360_test.CTA_Admissions_Enquire_Test -->
