<?xml version="1.0" encoding="UTF-8"?>
<!-- Generated by org.testng.reporters.JUnitReportReporter -->
<testsuite hostname="Kapil-A-QA" failures="0" tests="5" name="careers_360_test.CTA_College_Dept_Brochure_Test" time="20.939" errors="0" timestamp="2023-08-21T15:25:32 IST" skipped="0">
  <testcase classname="careers_360_test.CTA_College_Dept_Brochure_Test" name="clickon_College_department_button" time="7.819"/>
  <system-out/>
  <testcase classname="careers_360_test.CTA_College_Dept_Brochure_Test" name="click_On_Brochure" time="2.184"/>
  <system-out/>
  <testcase classname="careers_360_test.CTA_College_Dept_Brochure_Test" name="click_On_Frame" time="0.136"/>
  <system-out/>
  <testcase classname="careers_360_test.CTA_College_Dept_Brochure_Test" name="get_Signup_Text" time="0.036"/>
  <system-out/>
  <testcase classname="careers_360_test.CTA_College_Dept_Brochure_Test" name="singin_details" time="10.764"/>
  <system-out/>
</testsuite> <!-- careers_360_test.CTA_College_Dept_Brochure_Test -->
