<?xml version="1.0" encoding="UTF-8"?>
<!-- Generated by org.testng.reporters.JUnitReportReporter -->
<testsuite hostname="Kapil-A-QA" failures="0" tests="5" name="careers_360_test.CTA_Reviews_Brochure_Test" time="13.914" errors="0" timestamp="2023-08-18T15:30:17 IST" skipped="0">
  <testcase classname="careers_360_test.CTA_Reviews_Brochure_Test" name="clickon_Review_Button" time="2.432"/>
  <system-out/>
  <testcase classname="careers_360_test.CTA_Reviews_Brochure_Test" name="click_On_Brochure" time="2.222"/>
  <system-out/>
  <testcase classname="careers_360_test.CTA_Reviews_Brochure_Test" name="click_On_Frame" time="0.037"/>
  <system-out/>
  <testcase classname="careers_360_test.CTA_Reviews_Brochure_Test" name="get_Signup_Text" time="0.028"/>
  <system-out/>
  <testcase classname="careers_360_test.CTA_Reviews_Brochure_Test" name="singin_details" time="9.195"/>
  <system-out/>
</testsuite> <!-- careers_360_test.CTA_Reviews_Brochure_Test -->
