<?xml version="1.0" encoding="UTF-8"?>
<!-- Generated by org.testng.reporters.JUnitReportReporter -->
<testsuite hostname="Kapil-A-QA" failures="0" tests="4" name="careers_360_test.CTA_Enquire_Test" time="14.599" errors="0" timestamp="2023-07-24T14:14:07 IST" skipped="0">
  <testcase classname="careers_360_test.CTA_Enquire_Test" name="click_On_Enquire" time="4.069"/>
  <system-out/>
  <testcase classname="careers_360_test.CTA_Enquire_Test" name="click_On_Frame" time="0.047"/>
  <system-out/>
  <testcase classname="careers_360_test.CTA_Enquire_Test" name="get_Signup_Text" time="0.040"/>
  <system-out/>
  <testcase classname="careers_360_test.CTA_Enquire_Test" name="singin_details" time="10.443"/>
  <system-out/>
</testsuite> <!-- careers_360_test.CTA_Enquire_Test -->
