<?xml version="1.0" encoding="UTF-8"?>
<!-- Generated by org.testng.reporters.JUnitReportReporter -->
<testsuite hostname="Kapil-A-QA" failures="0" tests="1" name="Session2.CheckForValidResponse" time="1.938" errors="0" timestamp="2023-08-06T19:12:49 IST" skipped="0">
  <testcase classname="Session2.CheckForValidResponse" name="TestCase02" time="1.938"/>
  <system-out/>
</testsuite> <!-- Session2.CheckForValidResponse -->
