<?xml version="1.0" encoding="UTF-8"?>
<!-- Generated by org.testng.reporters.JUnitReportReporter -->
<testsuite hostname="Kapil-A-QA" failures="0" tests="2" name="careers_360_test.University_Rankings_Highlights_Test" time="41.340" errors="0" timestamp="2023-08-21T11:02:54 IST" skipped="0">
  <testcase classname="careers_360_test.University_Rankings_Highlights_Test" name="scrollToChart" time="1.284"/>
  <system-out/>
  <testcase classname="careers_360_test.University_Rankings_Highlights_Test" name="clickOnDepartments" time="40.056"/>
  <system-out/>
</testsuite> <!-- careers_360_test.University_Rankings_Highlights_Test -->
