<?xml version="1.0" encoding="UTF-8"?>
<!-- Generated by org.testng.reporters.JUnitReportReporter -->
<testsuite hostname="Kapil-A-QA" failures="0" tests="4" name="careers_360_test.CTA_Premium_Test" time="14.020" errors="0" timestamp="2023-07-24T14:10:08 IST" skipped="0">
  <testcase classname="careers_360_test.CTA_Premium_Test" name="click_On_Premium" time="3.536"/>
  <system-out/>
  <testcase classname="careers_360_test.CTA_Premium_Test" name="click_On_Frame" time="0.045"/>
  <system-out/>
  <testcase classname="careers_360_test.CTA_Premium_Test" name="get_Signup_Text" time="0.038"/>
  <system-out/>
  <testcase classname="careers_360_test.CTA_Premium_Test" name="singin_details" time="10.401"/>
  <system-out/>
</testsuite> <!-- careers_360_test.CTA_Premium_Test -->
