<?xml version="1.0" encoding="UTF-8"?>
<!-- Generated by org.testng.reporters.JUnitReportReporter -->
<testsuite hostname="Kapil-A-QA" failures="0" tests="5" name="careers_360_test.CTA_Admissions_details_Test" time="19.699" errors="0" timestamp="2023-08-18T15:30:17 IST" skipped="0">
  <testcase classname="careers_360_test.CTA_Admissions_details_Test" name="clickon_Admissions_Button" time="8.132"/>
  <system-out/>
  <testcase classname="careers_360_test.CTA_Admissions_details_Test" name="click_On_get_Admission" time="2.169"/>
  <system-out/>
  <testcase classname="careers_360_test.CTA_Admissions_details_Test" name="click_On_Frame" time="0.046"/>
  <system-out/>
  <testcase classname="careers_360_test.CTA_Admissions_details_Test" name="get_Signup_Text" time="0.034"/>
  <system-out/>
  <testcase classname="careers_360_test.CTA_Admissions_details_Test" name="singin_details" time="9.318"/>
  <system-out/>
</testsuite> <!-- careers_360_test.CTA_Admissions_details_Test -->
