<?xml version="1.0" encoding="UTF-8"?>
<!-- Generated by org.testng.reporters.JUnitReportReporter -->
<testsuite hostname="Kapil-A-QA" failures="0" tests="5" name="careers_360_test.University_Facilities_Test" time="7.104" errors="0" timestamp="2023-08-21T12:58:30 IST" skipped="0">
  <testcase classname="careers_360_test.University_Facilities_Test" name="clickonfacilities" time="6.273"/>
  <system-out/>
  <testcase classname="careers_360_test.University_Facilities_Test" name="gettextof_IIT_Delhi_Facilities_Title" time="0.042"/>
  <system-out/>
  <testcase classname="careers_360_test.University_Facilities_Test" name="verifying_Facilities_Images" time="0.315"/>
  <system-out/>
  <testcase classname="careers_360_test.University_Facilities_Test" name="verifying_Facilities_Name" time="0.247"/>
  <system-out/>
  <testcase classname="careers_360_test.University_Facilities_Test" name="verifying_Facilities_Description" time="0.227"/>
  <system-out/>
</testsuite> <!-- careers_360_test.University_Facilities_Test -->
