<?xml version="1.0" encoding="UTF-8"?>
<!-- Generated by org.testng.reporters.JUnitReportReporter -->
<testsuite hostname="Kapil-A-QA" failures="0" tests="5" name="careers_360_test.CTA_Facilities_Enquire_Test" time="15.508" errors="0" timestamp="2023-08-18T15:30:17 IST" skipped="0">
  <testcase classname="careers_360_test.CTA_Facilities_Enquire_Test" name="clickon_Facilities_Button" time="3.845"/>
  <system-out/>
  <testcase classname="careers_360_test.CTA_Facilities_Enquire_Test" name="click_On_Enquire" time="2.224"/>
  <system-out/>
  <testcase classname="careers_360_test.CTA_Facilities_Enquire_Test" name="click_On_Frame" time="0.039"/>
  <system-out/>
  <testcase classname="careers_360_test.CTA_Facilities_Enquire_Test" name="get_Signup_Text" time="0.030"/>
  <system-out/>
  <testcase classname="careers_360_test.CTA_Facilities_Enquire_Test" name="singin_details" time="9.370"/>
  <system-out/>
</testsuite> <!-- careers_360_test.CTA_Facilities_Enquire_Test -->
