<?xml version="1.0" encoding="UTF-8"?>
<!-- Generated by org.testng.reporters.JUnitReportReporter -->
<testsuite hostname="Kapil-A-QA" failures="0" tests="2" name="careers_360_test.IIT_Delhi_Cut_offs_Test" time="2.725" errors="0" timestamp="2023-06-23T11:29:14 IST" skipped="0">
  <testcase classname="careers_360_test.IIT_Delhi_Cut_offs_Test" name="clickon_Cutoffs" time="2.618"/>
  <system-out/>
  <testcase classname="careers_360_test.IIT_Delhi_Cut_offs_Test" name="clickon_Enterpage_Content" time="0.107"/>
  <system-out/>
</testsuite> <!-- careers_360_test.IIT_Delhi_Cut_offs_Test -->
