<?xml version="1.0" encoding="UTF-8"?>
<!-- Generated by org.testng.reporters.JUnitReportReporter -->
<testsuite hostname="Kapil-A-QA" failures="0" tests="5" name="careers_360_test.CTA_Cut_Offs_Enquire_Test" time="16.392" errors="0" timestamp="2023-08-18T15:45:14 IST" skipped="0">
  <testcase classname="careers_360_test.CTA_Cut_Offs_Enquire_Test" name="clickon_Cut_Offs_Button" time="2.885"/>
  <system-out/>
  <testcase classname="careers_360_test.CTA_Cut_Offs_Enquire_Test" name="click_On_Enquire" time="2.227"/>
  <system-out/>
  <testcase classname="careers_360_test.CTA_Cut_Offs_Enquire_Test" name="click_On_Frame" time="0.050"/>
  <system-out/>
  <testcase classname="careers_360_test.CTA_Cut_Offs_Enquire_Test" name="get_Signup_Text" time="0.038"/>
  <system-out/>
  <testcase classname="careers_360_test.CTA_Cut_Offs_Enquire_Test" name="singin_details" time="11.192"/>
  <system-out/>
</testsuite> <!-- careers_360_test.CTA_Cut_Offs_Enquire_Test -->
