<?xml version="1.0" encoding="UTF-8"?>
<!-- Generated by org.testng.reporters.JUnitReportReporter -->
<testsuite hostname="Kapil-A-QA" failures="0" tests="8" name="careers_360_test.CTA_Header_Compare_Test" time="25.356" errors="0" timestamp="2023-07-27T15:08:01 IST" skipped="0">
  <testcase classname="careers_360_test.CTA_Header_Compare_Test" name="click_On_Compare" time="4.361"/>
  <system-out/>
  <testcase classname="careers_360_test.CTA_Header_Compare_Test" name="clickon_2nd_college" time="2.997"/>
  <system-out/>
  <testcase classname="careers_360_test.CTA_Header_Compare_Test" name="clickon_3rd_college" time="2.736"/>
  <system-out/>
  <testcase classname="careers_360_test.CTA_Header_Compare_Test" name="clickon_4th_college" time="3.524"/>
  <system-out/>
  <testcase classname="careers_360_test.CTA_Header_Compare_Test" name="scroll_page" time="0.120"/>
  <system-out/>
  <testcase classname="careers_360_test.CTA_Header_Compare_Test" name="click_On_Frame" time="0.748"/>
  <system-out/>
  <testcase classname="careers_360_test.CTA_Header_Compare_Test" name="get_Signup_Text" time="0.052"/>
  <system-out/>
  <testcase classname="careers_360_test.CTA_Header_Compare_Test" name="singin_details" time="10.818"/>
  <system-out/>
</testsuite> <!-- careers_360_test.CTA_Header_Compare_Test -->
