<?xml version="1.0" encoding="UTF-8"?>
<!-- Generated by org.testng.reporters.JUnitReportReporter -->
<testsuite hostname="Kapil-A-QA" failures="0" tests="5" name="careers_360_test.CTA_College_Dept_Enquire_Test" time="15.368" errors="0" timestamp="2023-08-21T15:25:32 IST" skipped="0">
  <testcase classname="careers_360_test.CTA_College_Dept_Enquire_Test" name="clickon_College_department_button" time="2.383"/>
  <system-out/>
  <testcase classname="careers_360_test.CTA_College_Dept_Enquire_Test" name="click_On_Enquire" time="2.224"/>
  <system-out/>
  <testcase classname="careers_360_test.CTA_College_Dept_Enquire_Test" name="click_On_Frame" time="0.081"/>
  <system-out/>
  <testcase classname="careers_360_test.CTA_College_Dept_Enquire_Test" name="get_Signup_Text" time="0.047"/>
  <system-out/>
  <testcase classname="careers_360_test.CTA_College_Dept_Enquire_Test" name="singin_details" time="10.633"/>
  <system-out/>
</testsuite> <!-- careers_360_test.CTA_College_Dept_Enquire_Test -->
