<?xml version="1.0" encoding="UTF-8"?>
<!-- Generated by org.testng.reporters.JUnitReportReporter -->
<testsuite hostname="Kapil-A-QA" failures="0" tests="22" name="careers_360_test.IIT_Delhi_Rankings_Accreditations_Test" time="4.709" errors="0" timestamp="2023-06-22T16:39:36 IST" skipped="0">
  <testcase classname="careers_360_test.IIT_Delhi_Rankings_Accreditations_Test" name="clickon_Rankings_Accreditations_Title" time="0.645"/>
  <system-out/>
  <testcase classname="careers_360_test.IIT_Delhi_Rankings_Accreditations_Test" name="clickon_Engineering_module" time="3.025"/>
  <system-out/>
  <testcase classname="careers_360_test.IIT_Delhi_Rankings_Accreditations_Test" name="clickon_overall" time="0.025"/>
  <system-out/>
  <testcase classname="careers_360_test.IIT_Delhi_Rankings_Accreditations_Test" name="clickon_TLR" time="0.097"/>
  <system-out/>
  <testcase classname="careers_360_test.IIT_Delhi_Rankings_Accreditations_Test" name="clikcon_RPC" time="0.102"/>
  <system-out/>
  <testcase classname="careers_360_test.IIT_Delhi_Rankings_Accreditations_Test" name="clickon_GO" time="0.084"/>
  <system-out/>
  <testcase classname="careers_360_test.IIT_Delhi_Rankings_Accreditations_Test" name="clickon_OI" time="0.070"/>
  <system-out/>
  <testcase classname="careers_360_test.IIT_Delhi_Rankings_Accreditations_Test" name="clickom_Perception" time="0.077"/>
  <system-out/>
  <testcase classname="careers_360_test.IIT_Delhi_Rankings_Accreditations_Test" name="clickon_Management_Module" time="0.025"/>
  <system-out/>
  <testcase classname="careers_360_test.IIT_Delhi_Rankings_Accreditations_Test" name="clickon_overall1" time="0.023"/>
  <system-out/>
  <testcase classname="careers_360_test.IIT_Delhi_Rankings_Accreditations_Test" name="clickon_TLR1" time="0.044"/>
  <system-out/>
  <testcase classname="careers_360_test.IIT_Delhi_Rankings_Accreditations_Test" name="clickon_RPC1" time="0.045"/>
  <system-out/>
  <testcase classname="careers_360_test.IIT_Delhi_Rankings_Accreditations_Test" name="clickon_GO1" time="0.070"/>
  <system-out/>
  <testcase classname="careers_360_test.IIT_Delhi_Rankings_Accreditations_Test" name="clickon_OI1" time="0.052"/>
  <system-out/>
  <testcase classname="careers_360_test.IIT_Delhi_Rankings_Accreditations_Test" name="clickon_Perception1" time="0.044"/>
  <system-out/>
  <testcase classname="careers_360_test.IIT_Delhi_Rankings_Accreditations_Test" name="clickon_Overall_module" time="0.023"/>
  <system-out/>
  <testcase classname="careers_360_test.IIT_Delhi_Rankings_Accreditations_Test" name="clickon_overall2" time="0.028"/>
  <system-out/>
  <testcase classname="careers_360_test.IIT_Delhi_Rankings_Accreditations_Test" name="clickon_TLR2" time="0.041"/>
  <system-out/>
  <testcase classname="careers_360_test.IIT_Delhi_Rankings_Accreditations_Test" name="clickon_RPC2" time="0.056"/>
  <system-out/>
  <testcase classname="careers_360_test.IIT_Delhi_Rankings_Accreditations_Test" name="clickon_GO2" time="0.049"/>
  <system-out/>
  <testcase classname="careers_360_test.IIT_Delhi_Rankings_Accreditations_Test" name="clickon_OI2" time="0.041"/>
  <system-out/>
  <testcase classname="careers_360_test.IIT_Delhi_Rankings_Accreditations_Test" name="clickon_Perception2" time="0.043"/>
  <system-out/>
</testsuite> <!-- careers_360_test.IIT_Delhi_Rankings_Accreditations_Test -->
