<?xml version="1.0" encoding="UTF-8"?>
<!-- Generated by org.testng.reporters.JUnitReportReporter -->
<testsuite hostname="Kapil-A-QA" failures="0" tests="10" name="careers_360_test.IIT_Delhi_Review_Test" time="160.054" errors="0" timestamp="2023-06-22T15:32:18 IST" skipped="0">
  <testcase classname="careers_360_test.IIT_Delhi_Review_Test" name="clickon_review" time="1.953"/>
  <system-out/>
  <testcase classname="careers_360_test.IIT_Delhi_Review_Test" name="gettext_IIT_Delhi_Reviews_Title" time="0.034"/>
  <system-out/>
  <testcase classname="careers_360_test.IIT_Delhi_Review_Test" name="gettext_Rating_Summary_Title" time="0.037"/>
  <system-out/>
  <testcase classname="careers_360_test.IIT_Delhi_Review_Test" name="gettext_Review_Count" time="0.021"/>
  <system-out/>
  <testcase classname="careers_360_test.IIT_Delhi_Review_Test" name="clickon_Enter_Page" time="5.026"/>
  <system-out/>
  <testcase classname="careers_360_test.IIT_Delhi_Review_Test" name="clickon_Infrastructure" time="12.300"/>
  <system-out/>
  <testcase classname="careers_360_test.IIT_Delhi_Review_Test" name="clickon_Academics" time="14.699"/>
  <system-out/>
  <testcase classname="careers_360_test.IIT_Delhi_Review_Test" name="clickon_placement" time="23.118"/>
  <system-out/>
  <testcase classname="careers_360_test.IIT_Delhi_Review_Test" name="clickon_Value_for_money" time="96.384"/>
  <system-out/>
  <testcase classname="careers_360_test.IIT_Delhi_Review_Test" name="clickon_Campus_life" time="6.482"/>
  <system-out/>
</testsuite> <!-- careers_360_test.IIT_Delhi_Review_Test -->
